ERROR info.magnolia.config.source.yaml.YamlConfigurationSource 03.04.2021 01:41:02 -- 1 severe problems have been encountered:
ERROR info.magnolia.config.source.yaml.YamlConfigurationSource 03.04.2021 01:41:02 -- 
Severity type:   SEVERE 
Title:           /: [Definition resolution] - Parsing configuration data from [/mbt/dialogs/components/content/accordion.yaml] failed 
Problem details: Failed to parse YAML file:
Resource not found: No resource found for path /mbt/includes/dialogs/fields/titleField.yaml in origin layered
info.magnolia.resourceloader.ResourceOrigin$ResourceNotFoundException: No resource found for path /mbt/includes/dialogs/fields/titleField.yaml in origin layered
	at info.magnolia.resourceloader.layered.LayeredResourceOrigin.getByPath(LayeredResourceOrigin.java:114) ~[magnolia-resource-loader-6.2.7.jar:?]
	at info.magnolia.resourceloader.layered.LayeredResourceOrigin.getByPath(LayeredResourceOrigin.java:72) ~[magnolia-resource-loader-6.2.7.jar:?]
	at info.magnolia.config.source.yaml.dependency.YamlFileDependency.getResource(YamlFileDependency.java:118) ~[magnolia-configuration-6.2.7.jar:?]
	at info.magnolia.config.source.yaml.dependency.YamlFileDependency.readData(YamlFileDependency.java:101) ~[magnolia-configuration-6.2.7.jar:?]
	at info.magnolia.config.source.yaml.construct.IncludeYamlFile.construct(IncludeYamlFile.java:89) ~[magnolia-configuration-6.2.7.jar:?]
	at org.yaml.snakeyaml.constructor.BaseConstructor.constructObjectNoCheck(BaseConstructor.java:230) ~[snakeyaml-1.26.jar:?]
	at org.yaml.snakeyaml.constructor.BaseConstructor.constructObject(BaseConstructor.java:219) ~[snakeyaml-1.26.jar:?]
	at org.yaml.snakeyaml.constructor.BaseConstructor.constructSequenceStep2(BaseConstructor.java:390) ~[snakeyaml-1.26.jar:?]
	at org.yaml.snakeyaml.constructor.BaseConstructor.constructSequence(BaseConstructor.java:374) ~[snakeyaml-1.26.jar:?]
	at org.yaml.snakeyaml.constructor.SafeConstructor$ConstructYamlSeq.construct(SafeConstructor.java:534) ~[snakeyaml-1.26.jar:?]
	at org.yaml.snakeyaml.constructor.BaseConstructor.constructObjectNoCheck(BaseConstructor.java:230) ~[snakeyaml-1.26.jar:?]
	at org.yaml.snakeyaml.constructor.BaseConstructor.constructObject(BaseConstructor.java:219) ~[snakeyaml-1.26.jar:?]
	at org.yaml.snakeyaml.constructor.BaseConstructor.constructMapping2ndStep(BaseConstructor.java:479) ~[snakeyaml-1.26.jar:?]
	at org.yaml.snakeyaml.constructor.SafeConstructor.constructMapping2ndStep(SafeConstructor.java:190) ~[snakeyaml-1.26.jar:?]
	at info.magnolia.config.source.yaml.MgnlYamlConstructor.constructMapping2ndStep(MgnlYamlConstructor.java:114) ~[magnolia-configuration-6.2.7.jar:?]
	at org.yaml.snakeyaml.constructor.BaseConstructor.constructMapping(BaseConstructor.java:460) ~[snakeyaml-1.26.jar:?]
	at org.yaml.snakeyaml.constructor.SafeConstructor$ConstructYamlMap.construct(SafeConstructor.java:556) ~[snakeyaml-1.26.jar:?]
	at org.yaml.snakeyaml.constructor.BaseConstructor.constructObjectNoCheck(BaseConstructor.java:230) ~[snakeyaml-1.26.jar:?]
	at org.yaml.snakeyaml.constructor.BaseConstructor.constructObject(BaseConstructor.java:219) ~[snakeyaml-1.26.jar:?]
	at org.yaml.snakeyaml.constructor.BaseConstructor.constructSequenceStep2(BaseConstructor.java:390) ~[snakeyaml-1.26.jar:?]
	at org.yaml.snakeyaml.constructor.BaseConstructor.constructSequence(BaseConstructor.java:374) ~[snakeyaml-1.26.jar:?]
	at org.yaml.snakeyaml.constructor.SafeConstructor$ConstructYamlSeq.construct(SafeConstructor.java:534) ~[snakeyaml-1.26.jar:?]
	at org.yaml.snakeyaml.constructor.BaseConstructor.constructObjectNoCheck(BaseConstructor.java:230) ~[snakeyaml-1.26.jar:?]
	at org.yaml.snakeyaml.constructor.BaseConstructor.constructObject(BaseConstructor.java:219) ~[snakeyaml-1.26.jar:?]
	at org.yaml.snakeyaml.constructor.BaseConstructor.constructMapping2ndStep(BaseConstructor.java:479) ~[snakeyaml-1.26.jar:?]
	at org.yaml.snakeyaml.constructor.SafeConstructor.constructMapping2ndStep(SafeConstructor.java:190) ~[snakeyaml-1.26.jar:?]
	at info.magnolia.config.source.yaml.MgnlYamlConstructor.constructMapping2ndStep(MgnlYamlConstructor.java:114) ~[magnolia-configuration-6.2.7.jar:?]
	at org.yaml.snakeyaml.constructor.BaseConstructor.constructMapping(BaseConstructor.java:460) ~[snakeyaml-1.26.jar:?]
	at org.yaml.snakeyaml.constructor.SafeConstructor$ConstructYamlMap.construct(SafeConstructor.java:556) ~[snakeyaml-1.26.jar:?]
	at org.yaml.snakeyaml.constructor.BaseConstructor.constructObjectNoCheck(BaseConstructor.java:230) ~[snakeyaml-1.26.jar:?]
	at org.yaml.snakeyaml.constructor.BaseConstructor.constructObject(BaseConstructor.java:219) ~[snakeyaml-1.26.jar:?]
	at org.yaml.snakeyaml.constructor.BaseConstructor.constructMapping2ndStep(BaseConstructor.java:479) ~[snakeyaml-1.26.jar:?]
	at org.yaml.snakeyaml.constructor.SafeConstructor.constructMapping2ndStep(SafeConstructor.java:190) ~[snakeyaml-1.26.jar:?]
	at info.magnolia.config.source.yaml.MgnlYamlConstructor.constructMapping2ndStep(MgnlYamlConstructor.java:114) ~[magnolia-configuration-6.2.7.jar:?]
	at org.yaml.snakeyaml.constructor.BaseConstructor.constructMapping(BaseConstructor.java:460) ~[snakeyaml-1.26.jar:?]
	at org.yaml.snakeyaml.constructor.SafeConstructor$ConstructYamlMap.construct(SafeConstructor.java:556) ~[snakeyaml-1.26.jar:?]
	at org.yaml.snakeyaml.constructor.BaseConstructor.constructObjectNoCheck(BaseConstructor.java:230) ~[snakeyaml-1.26.jar:?]
	at org.yaml.snakeyaml.constructor.BaseConstructor.constructObject(BaseConstructor.java:219) ~[snakeyaml-1.26.jar:?]
	at org.yaml.snakeyaml.constructor.BaseConstructor.constructDocument(BaseConstructor.java:173) ~[snakeyaml-1.26.jar:?]
	at org.yaml.snakeyaml.constructor.BaseConstructor.getSingleData(BaseConstructor.java:157) ~[snakeyaml-1.26.jar:?]
	at org.yaml.snakeyaml.Yaml.loadFromReader(Yaml.java:472) ~[snakeyaml-1.26.jar:?]
	at org.yaml.snakeyaml.Yaml.load(Yaml.java:424) ~[snakeyaml-1.26.jar:?]
	at info.magnolia.config.source.yaml.YamlReader.doReadWithDependencies(YamlReader.java:89) ~[magnolia-configuration-6.2.7.jar:?]
	at info.magnolia.config.source.yaml.YamlReader.readWithDependencies(YamlReader.java:81) ~[magnolia-configuration-6.2.7.jar:?]
	at info.magnolia.config.source.yaml.YamlReader.readWithDependencies(YamlReader.java:77) ~[magnolia-configuration-6.2.7.jar:?]
	at info.magnolia.config.source.yaml.YamlDefinitionProvider.resolve(YamlDefinitionProvider.java:191) ~[magnolia-configuration-6.2.7.jar:?]
	at info.magnolia.config.source.yaml.YamlDefinitionProvider.getDelegate(YamlDefinitionProvider.java:153) ~[magnolia-configuration-6.2.7.jar:?]
	at info.magnolia.config.registry.AbstractDefinitionProviderWrapper.getMetadata(AbstractDefinitionProviderWrapper.java:56) ~[magnolia-configuration-6.2.7.jar:?]
	at info.magnolia.config.registry.RegistryMap.asStringKey(RegistryMap.java:183) ~[magnolia-configuration-6.2.7.jar:?]
	at info.magnolia.config.registry.RegistryMap.put(RegistryMap.java:98) ~[magnolia-configuration-6.2.7.jar:?]
	at info.magnolia.config.registry.AbstractRegistry.register(AbstractRegistry.java:87) ~[magnolia-configuration-6.2.7.jar:?]
	at info.magnolia.config.source.yaml.YamlConfigurationSource.loadAndRegister(YamlConfigurationSource.java:142) ~[magnolia-configuration-6.2.7.jar:?]
	at info.magnolia.config.source.yaml.AbstractFileResourceConfigurationSource.lambda$start$2(AbstractFileResourceConfigurationSource.java:162) ~[magnolia-configuration-6.2.7.jar:?]
	at info.magnolia.resourceloader.layered.LayeredResourceOrigin$RelayingChangeHandler.onResourceChanged(LayeredResourceOrigin.java:290) [magnolia-resource-loader-6.2.7.jar:?]
	at info.magnolia.resourceloader.AbstractResourceOrigin.dispatchResourceChange(AbstractResourceOrigin.java:132) [magnolia-resource-loader-6.2.7.jar:?]
	at info.magnolia.resourceloader.file.FileWatcherCallback$1.visitFile(FileWatcherCallback.java:126) [magnolia-resource-loader-6.2.7.jar:?]
	at info.magnolia.resourceloader.file.FileWatcherCallback$1.visitFile(FileWatcherCallback.java:122) [magnolia-resource-loader-6.2.7.jar:?]
	at java.nio.file.Files.walkFileTree(Files.java:2670) [?:1.8.0_181]
	at info.magnolia.resourceloader.file.FileWatcherCallback.dispatchResourceChange(FileWatcherCallback.java:122) [magnolia-resource-loader-6.2.7.jar:?]
	at info.magnolia.resourceloader.file.FileWatcherCallback.added(FileWatcherCallback.java:78) [magnolia-resource-loader-6.2.7.jar:?]
	at info.magnolia.dirwatch.DirectoryWatcher.processEvent(DirectoryWatcher.java:299) [magnolia-resource-loader-6.2.7.jar:?]
	at info.magnolia.dirwatch.DirectoryWatcher.run(DirectoryWatcher.java:247) [magnolia-resource-loader-6.2.7.jar:?]
	at java.util.concurrent.Executors$RunnableAdapter.call(Executors.java:511) [?:1.8.0_181]
	at java.util.concurrent.FutureTask.run(FutureTask.java:266) [?:1.8.0_181]
	at java.util.concurrent.ThreadPoolExecutor.runWorker(ThreadPoolExecutor.java:1149) [?:1.8.0_181]
	at java.util.concurrent.ThreadPoolExecutor$Worker.run(ThreadPoolExecutor.java:624) [?:1.8.0_181]
	at java.lang.Thread.run(Thread.java:748) [?:1.8.0_181]
ERROR info.magnolia.config.source.yaml.YamlConfigurationSource 03.04.2021 01:41:02 -- 1 severe problems have been encountered:
ERROR info.magnolia.config.source.yaml.YamlConfigurationSource 03.04.2021 01:41:02 -- 
Severity type:   SEVERE 
Title:           /: [Definition resolution] - Parsing configuration data from [/mbt/dialogs/components/content/alert.yaml] failed 
Problem details: Failed to parse YAML file:
Resource not found: No resource found for path /mbt/includes/dialogs/fields/textField.yaml in origin layered
info.magnolia.resourceloader.ResourceOrigin$ResourceNotFoundException: No resource found for path /mbt/includes/dialogs/fields/textField.yaml in origin layered
	at info.magnolia.resourceloader.layered.LayeredResourceOrigin.getByPath(LayeredResourceOrigin.java:114) ~[magnolia-resource-loader-6.2.7.jar:?]
	at info.magnolia.resourceloader.layered.LayeredResourceOrigin.getByPath(LayeredResourceOrigin.java:72) ~[magnolia-resource-loader-6.2.7.jar:?]
	at info.magnolia.config.source.yaml.dependency.YamlFileDependency.getResource(YamlFileDependency.java:118) ~[magnolia-configuration-6.2.7.jar:?]
	at info.magnolia.config.source.yaml.dependency.YamlFileDependency.readData(YamlFileDependency.java:101) ~[magnolia-configuration-6.2.7.jar:?]
	at info.magnolia.config.source.yaml.construct.IncludeFileYamlWithModificationPossibility.construct(IncludeFileYamlWithModificationPossibility.java:118) ~[magnolia-configuration-6.2.7.jar:?]
	at org.yaml.snakeyaml.constructor.BaseConstructor.constructObjectNoCheck(BaseConstructor.java:230) ~[snakeyaml-1.26.jar:?]
	at org.yaml.snakeyaml.constructor.BaseConstructor.constructObject(BaseConstructor.java:219) ~[snakeyaml-1.26.jar:?]
	at org.yaml.snakeyaml.constructor.BaseConstructor.constructSequenceStep2(BaseConstructor.java:390) ~[snakeyaml-1.26.jar:?]
	at org.yaml.snakeyaml.constructor.BaseConstructor.constructSequence(BaseConstructor.java:374) ~[snakeyaml-1.26.jar:?]
	at org.yaml.snakeyaml.constructor.SafeConstructor$ConstructYamlSeq.construct(SafeConstructor.java:534) ~[snakeyaml-1.26.jar:?]
	at org.yaml.snakeyaml.constructor.BaseConstructor.constructObjectNoCheck(BaseConstructor.java:230) ~[snakeyaml-1.26.jar:?]
	at org.yaml.snakeyaml.constructor.BaseConstructor.constructObject(BaseConstructor.java:219) ~[snakeyaml-1.26.jar:?]
	at org.yaml.snakeyaml.constructor.BaseConstructor.constructMapping2ndStep(BaseConstructor.java:479) ~[snakeyaml-1.26.jar:?]
	at org.yaml.snakeyaml.constructor.SafeConstructor.constructMapping2ndStep(SafeConstructor.java:190) ~[snakeyaml-1.26.jar:?]
	at info.magnolia.config.source.yaml.MgnlYamlConstructor.constructMapping2ndStep(MgnlYamlConstructor.java:114) ~[magnolia-configuration-6.2.7.jar:?]
	at org.yaml.snakeyaml.constructor.BaseConstructor.constructMapping(BaseConstructor.java:460) ~[snakeyaml-1.26.jar:?]
	at org.yaml.snakeyaml.constructor.SafeConstructor$ConstructYamlMap.construct(SafeConstructor.java:556) ~[snakeyaml-1.26.jar:?]
	at org.yaml.snakeyaml.constructor.BaseConstructor.constructObjectNoCheck(BaseConstructor.java:230) ~[snakeyaml-1.26.jar:?]
	at org.yaml.snakeyaml.constructor.BaseConstructor.constructObject(BaseConstructor.java:219) ~[snakeyaml-1.26.jar:?]
	at org.yaml.snakeyaml.constructor.BaseConstructor.constructSequenceStep2(BaseConstructor.java:390) ~[snakeyaml-1.26.jar:?]
	at org.yaml.snakeyaml.constructor.BaseConstructor.constructSequence(BaseConstructor.java:374) ~[snakeyaml-1.26.jar:?]
	at org.yaml.snakeyaml.constructor.SafeConstructor$ConstructYamlSeq.construct(SafeConstructor.java:534) ~[snakeyaml-1.26.jar:?]
	at org.yaml.snakeyaml.constructor.BaseConstructor.constructObjectNoCheck(BaseConstructor.java:230) ~[snakeyaml-1.26.jar:?]
	at org.yaml.snakeyaml.constructor.BaseConstructor.constructObject(BaseConstructor.java:219) ~[snakeyaml-1.26.jar:?]
	at org.yaml.snakeyaml.constructor.BaseConstructor.constructMapping2ndStep(BaseConstructor.java:479) ~[snakeyaml-1.26.jar:?]
	at org.yaml.snakeyaml.constructor.SafeConstructor.constructMapping2ndStep(SafeConstructor.java:190) ~[snakeyaml-1.26.jar:?]
	at info.magnolia.config.source.yaml.MgnlYamlConstructor.constructMapping2ndStep(MgnlYamlConstructor.java:114) ~[magnolia-configuration-6.2.7.jar:?]
	at org.yaml.snakeyaml.constructor.BaseConstructor.constructMapping(BaseConstructor.java:460) ~[snakeyaml-1.26.jar:?]
	at org.yaml.snakeyaml.constructor.SafeConstructor$ConstructYamlMap.construct(SafeConstructor.java:556) ~[snakeyaml-1.26.jar:?]
	at org.yaml.snakeyaml.constructor.BaseConstructor.constructObjectNoCheck(BaseConstructor.java:230) ~[snakeyaml-1.26.jar:?]
	at org.yaml.snakeyaml.constructor.BaseConstructor.constructObject(BaseConstructor.java:219) ~[snakeyaml-1.26.jar:?]
	at org.yaml.snakeyaml.constructor.BaseConstructor.constructMapping2ndStep(BaseConstructor.java:479) ~[snakeyaml-1.26.jar:?]
	at org.yaml.snakeyaml.constructor.SafeConstructor.constructMapping2ndStep(SafeConstructor.java:190) ~[snakeyaml-1.26.jar:?]
	at info.magnolia.config.source.yaml.MgnlYamlConstructor.constructMapping2ndStep(MgnlYamlConstructor.java:114) ~[magnolia-configuration-6.2.7.jar:?]
	at org.yaml.snakeyaml.constructor.BaseConstructor.constructMapping(BaseConstructor.java:460) ~[snakeyaml-1.26.jar:?]
	at org.yaml.snakeyaml.constructor.SafeConstructor$ConstructYamlMap.construct(SafeConstructor.java:556) ~[snakeyaml-1.26.jar:?]
	at org.yaml.snakeyaml.constructor.BaseConstructor.constructObjectNoCheck(BaseConstructor.java:230) ~[snakeyaml-1.26.jar:?]
	at org.yaml.snakeyaml.constructor.BaseConstructor.constructObject(BaseConstructor.java:219) ~[snakeyaml-1.26.jar:?]
	at org.yaml.snakeyaml.constructor.BaseConstructor.constructDocument(BaseConstructor.java:173) ~[snakeyaml-1.26.jar:?]
	at org.yaml.snakeyaml.constructor.BaseConstructor.getSingleData(BaseConstructor.java:157) ~[snakeyaml-1.26.jar:?]
	at org.yaml.snakeyaml.Yaml.loadFromReader(Yaml.java:472) ~[snakeyaml-1.26.jar:?]
	at org.yaml.snakeyaml.Yaml.load(Yaml.java:424) ~[snakeyaml-1.26.jar:?]
	at info.magnolia.config.source.yaml.YamlReader.doReadWithDependencies(YamlReader.java:89) ~[magnolia-configuration-6.2.7.jar:?]
	at info.magnolia.config.source.yaml.YamlReader.readWithDependencies(YamlReader.java:81) ~[magnolia-configuration-6.2.7.jar:?]
	at info.magnolia.config.source.yaml.YamlReader.readWithDependencies(YamlReader.java:77) ~[magnolia-configuration-6.2.7.jar:?]
	at info.magnolia.config.source.yaml.YamlDefinitionProvider.resolve(YamlDefinitionProvider.java:191) ~[magnolia-configuration-6.2.7.jar:?]
	at info.magnolia.config.source.yaml.YamlDefinitionProvider.getDelegate(YamlDefinitionProvider.java:153) ~[magnolia-configuration-6.2.7.jar:?]
	at info.magnolia.config.registry.AbstractDefinitionProviderWrapper.getMetadata(AbstractDefinitionProviderWrapper.java:56) ~[magnolia-configuration-6.2.7.jar:?]
	at info.magnolia.config.registry.RegistryMap.asStringKey(RegistryMap.java:183) ~[magnolia-configuration-6.2.7.jar:?]
	at info.magnolia.config.registry.RegistryMap.put(RegistryMap.java:98) ~[magnolia-configuration-6.2.7.jar:?]
	at info.magnolia.config.registry.AbstractRegistry.register(AbstractRegistry.java:87) ~[magnolia-configuration-6.2.7.jar:?]
	at info.magnolia.config.source.yaml.YamlConfigurationSource.loadAndRegister(YamlConfigurationSource.java:142) ~[magnolia-configuration-6.2.7.jar:?]
	at info.magnolia.config.source.yaml.AbstractFileResourceConfigurationSource.lambda$start$2(AbstractFileResourceConfigurationSource.java:162) ~[magnolia-configuration-6.2.7.jar:?]
	at info.magnolia.resourceloader.layered.LayeredResourceOrigin$RelayingChangeHandler.onResourceChanged(LayeredResourceOrigin.java:290) [magnolia-resource-loader-6.2.7.jar:?]
	at info.magnolia.resourceloader.AbstractResourceOrigin.dispatchResourceChange(AbstractResourceOrigin.java:132) [magnolia-resource-loader-6.2.7.jar:?]
	at info.magnolia.resourceloader.file.FileWatcherCallback$1.visitFile(FileWatcherCallback.java:126) [magnolia-resource-loader-6.2.7.jar:?]
	at info.magnolia.resourceloader.file.FileWatcherCallback$1.visitFile(FileWatcherCallback.java:122) [magnolia-resource-loader-6.2.7.jar:?]
	at java.nio.file.Files.walkFileTree(Files.java:2670) [?:1.8.0_181]
	at info.magnolia.resourceloader.file.FileWatcherCallback.dispatchResourceChange(FileWatcherCallback.java:122) [magnolia-resource-loader-6.2.7.jar:?]
	at info.magnolia.resourceloader.file.FileWatcherCallback.added(FileWatcherCallback.java:78) [magnolia-resource-loader-6.2.7.jar:?]
	at info.magnolia.dirwatch.DirectoryWatcher.processEvent(DirectoryWatcher.java:299) [magnolia-resource-loader-6.2.7.jar:?]
	at info.magnolia.dirwatch.DirectoryWatcher.run(DirectoryWatcher.java:247) [magnolia-resource-loader-6.2.7.jar:?]
	at java.util.concurrent.Executors$RunnableAdapter.call(Executors.java:511) [?:1.8.0_181]
	at java.util.concurrent.FutureTask.run(FutureTask.java:266) [?:1.8.0_181]
	at java.util.concurrent.ThreadPoolExecutor.runWorker(ThreadPoolExecutor.java:1149) [?:1.8.0_181]
	at java.util.concurrent.ThreadPoolExecutor$Worker.run(ThreadPoolExecutor.java:624) [?:1.8.0_181]
	at java.lang.Thread.run(Thread.java:748) [?:1.8.0_181]
ERROR info.magnolia.config.source.yaml.YamlConfigurationSource 03.04.2021 01:41:02 -- 1 severe problems have been encountered:
ERROR info.magnolia.config.source.yaml.YamlConfigurationSource 03.04.2021 01:41:02 -- 
Severity type:   SEVERE 
Title:           /: [Definition resolution] - Parsing configuration data from [/mbt/dialogs/components/content/button.yaml] failed 
Problem details: Failed to parse YAML file:
Resource not found: No resource found for path /mbt/includes/dialogs/fields/linkTextField.yaml in origin layered
info.magnolia.resourceloader.ResourceOrigin$ResourceNotFoundException: No resource found for path /mbt/includes/dialogs/fields/linkTextField.yaml in origin layered
	at info.magnolia.resourceloader.layered.LayeredResourceOrigin.getByPath(LayeredResourceOrigin.java:114) ~[magnolia-resource-loader-6.2.7.jar:?]
	at info.magnolia.resourceloader.layered.LayeredResourceOrigin.getByPath(LayeredResourceOrigin.java:72) ~[magnolia-resource-loader-6.2.7.jar:?]
	at info.magnolia.config.source.yaml.dependency.YamlFileDependency.getResource(YamlFileDependency.java:118) ~[magnolia-configuration-6.2.7.jar:?]
	at info.magnolia.config.source.yaml.dependency.YamlFileDependency.readData(YamlFileDependency.java:101) ~[magnolia-configuration-6.2.7.jar:?]
	at info.magnolia.config.source.yaml.construct.IncludeFileYamlWithModificationPossibility.construct(IncludeFileYamlWithModificationPossibility.java:118) ~[magnolia-configuration-6.2.7.jar:?]
	at org.yaml.snakeyaml.constructor.BaseConstructor.constructObjectNoCheck(BaseConstructor.java:230) ~[snakeyaml-1.26.jar:?]
	at org.yaml.snakeyaml.constructor.BaseConstructor.constructObject(BaseConstructor.java:219) ~[snakeyaml-1.26.jar:?]
	at org.yaml.snakeyaml.constructor.BaseConstructor.constructSequenceStep2(BaseConstructor.java:390) ~[snakeyaml-1.26.jar:?]
	at org.yaml.snakeyaml.constructor.BaseConstructor.constructSequence(BaseConstructor.java:374) ~[snakeyaml-1.26.jar:?]
	at org.yaml.snakeyaml.constructor.SafeConstructor$ConstructYamlSeq.construct(SafeConstructor.java:534) ~[snakeyaml-1.26.jar:?]
	at org.yaml.snakeyaml.constructor.BaseConstructor.constructObjectNoCheck(BaseConstructor.java:230) ~[snakeyaml-1.26.jar:?]
	at org.yaml.snakeyaml.constructor.BaseConstructor.constructObject(BaseConstructor.java:219) ~[snakeyaml-1.26.jar:?]
	at org.yaml.snakeyaml.constructor.BaseConstructor.constructMapping2ndStep(BaseConstructor.java:479) ~[snakeyaml-1.26.jar:?]
	at org.yaml.snakeyaml.constructor.SafeConstructor.constructMapping2ndStep(SafeConstructor.java:190) ~[snakeyaml-1.26.jar:?]
	at info.magnolia.config.source.yaml.MgnlYamlConstructor.constructMapping2ndStep(MgnlYamlConstructor.java:114) ~[magnolia-configuration-6.2.7.jar:?]
	at org.yaml.snakeyaml.constructor.BaseConstructor.constructMapping(BaseConstructor.java:460) ~[snakeyaml-1.26.jar:?]
	at org.yaml.snakeyaml.constructor.SafeConstructor$ConstructYamlMap.construct(SafeConstructor.java:556) ~[snakeyaml-1.26.jar:?]
	at org.yaml.snakeyaml.constructor.BaseConstructor.constructObjectNoCheck(BaseConstructor.java:230) ~[snakeyaml-1.26.jar:?]
	at org.yaml.snakeyaml.constructor.BaseConstructor.constructObject(BaseConstructor.java:219) ~[snakeyaml-1.26.jar:?]
	at org.yaml.snakeyaml.constructor.BaseConstructor.constructSequenceStep2(BaseConstructor.java:390) ~[snakeyaml-1.26.jar:?]
	at org.yaml.snakeyaml.constructor.BaseConstructor.constructSequence(BaseConstructor.java:374) ~[snakeyaml-1.26.jar:?]
	at org.yaml.snakeyaml.constructor.SafeConstructor$ConstructYamlSeq.construct(SafeConstructor.java:534) ~[snakeyaml-1.26.jar:?]
	at org.yaml.snakeyaml.constructor.BaseConstructor.constructObjectNoCheck(BaseConstructor.java:230) ~[snakeyaml-1.26.jar:?]
	at org.yaml.snakeyaml.constructor.BaseConstructor.constructObject(BaseConstructor.java:219) ~[snakeyaml-1.26.jar:?]
	at org.yaml.snakeyaml.constructor.BaseConstructor.constructMapping2ndStep(BaseConstructor.java:479) ~[snakeyaml-1.26.jar:?]
	at org.yaml.snakeyaml.constructor.SafeConstructor.constructMapping2ndStep(SafeConstructor.java:190) ~[snakeyaml-1.26.jar:?]
	at info.magnolia.config.source.yaml.MgnlYamlConstructor.constructMapping2ndStep(MgnlYamlConstructor.java:114) ~[magnolia-configuration-6.2.7.jar:?]
	at org.yaml.snakeyaml.constructor.BaseConstructor.constructMapping(BaseConstructor.java:460) ~[snakeyaml-1.26.jar:?]
	at org.yaml.snakeyaml.constructor.SafeConstructor$ConstructYamlMap.construct(SafeConstructor.java:556) ~[snakeyaml-1.26.jar:?]
	at org.yaml.snakeyaml.constructor.BaseConstructor.constructObjectNoCheck(BaseConstructor.java:230) ~[snakeyaml-1.26.jar:?]
	at org.yaml.snakeyaml.constructor.BaseConstructor.constructObject(BaseConstructor.java:219) ~[snakeyaml-1.26.jar:?]
	at org.yaml.snakeyaml.constructor.BaseConstructor.constructMapping2ndStep(BaseConstructor.java:479) ~[snakeyaml-1.26.jar:?]
	at org.yaml.snakeyaml.constructor.SafeConstructor.constructMapping2ndStep(SafeConstructor.java:190) ~[snakeyaml-1.26.jar:?]
	at info.magnolia.config.source.yaml.MgnlYamlConstructor.constructMapping2ndStep(MgnlYamlConstructor.java:114) ~[magnolia-configuration-6.2.7.jar:?]
	at org.yaml.snakeyaml.constructor.BaseConstructor.constructMapping(BaseConstructor.java:460) ~[snakeyaml-1.26.jar:?]
	at org.yaml.snakeyaml.constructor.SafeConstructor$ConstructYamlMap.construct(SafeConstructor.java:556) ~[snakeyaml-1.26.jar:?]
	at org.yaml.snakeyaml.constructor.BaseConstructor.constructObjectNoCheck(BaseConstructor.java:230) ~[snakeyaml-1.26.jar:?]
	at org.yaml.snakeyaml.constructor.BaseConstructor.constructObject(BaseConstructor.java:219) ~[snakeyaml-1.26.jar:?]
	at org.yaml.snakeyaml.constructor.BaseConstructor.constructDocument(BaseConstructor.java:173) ~[snakeyaml-1.26.jar:?]
	at org.yaml.snakeyaml.constructor.BaseConstructor.getSingleData(BaseConstructor.java:157) ~[snakeyaml-1.26.jar:?]
	at org.yaml.snakeyaml.Yaml.loadFromReader(Yaml.java:472) ~[snakeyaml-1.26.jar:?]
	at org.yaml.snakeyaml.Yaml.load(Yaml.java:424) ~[snakeyaml-1.26.jar:?]
	at info.magnolia.config.source.yaml.YamlReader.doReadWithDependencies(YamlReader.java:89) ~[magnolia-configuration-6.2.7.jar:?]
	at info.magnolia.config.source.yaml.YamlReader.readWithDependencies(YamlReader.java:81) ~[magnolia-configuration-6.2.7.jar:?]
	at info.magnolia.config.source.yaml.YamlReader.readWithDependencies(YamlReader.java:77) ~[magnolia-configuration-6.2.7.jar:?]
	at info.magnolia.config.source.yaml.YamlDefinitionProvider.resolve(YamlDefinitionProvider.java:191) ~[magnolia-configuration-6.2.7.jar:?]
	at info.magnolia.config.source.yaml.YamlDefinitionProvider.getDelegate(YamlDefinitionProvider.java:153) ~[magnolia-configuration-6.2.7.jar:?]
	at info.magnolia.config.registry.AbstractDefinitionProviderWrapper.getMetadata(AbstractDefinitionProviderWrapper.java:56) ~[magnolia-configuration-6.2.7.jar:?]
	at info.magnolia.config.registry.RegistryMap.asStringKey(RegistryMap.java:183) ~[magnolia-configuration-6.2.7.jar:?]
	at info.magnolia.config.registry.RegistryMap.put(RegistryMap.java:98) ~[magnolia-configuration-6.2.7.jar:?]
	at info.magnolia.config.registry.AbstractRegistry.register(AbstractRegistry.java:87) ~[magnolia-configuration-6.2.7.jar:?]
	at info.magnolia.config.source.yaml.YamlConfigurationSource.loadAndRegister(YamlConfigurationSource.java:142) ~[magnolia-configuration-6.2.7.jar:?]
	at info.magnolia.config.source.yaml.AbstractFileResourceConfigurationSource.lambda$start$2(AbstractFileResourceConfigurationSource.java:162) ~[magnolia-configuration-6.2.7.jar:?]
	at info.magnolia.resourceloader.layered.LayeredResourceOrigin$RelayingChangeHandler.onResourceChanged(LayeredResourceOrigin.java:290) [magnolia-resource-loader-6.2.7.jar:?]
	at info.magnolia.resourceloader.AbstractResourceOrigin.dispatchResourceChange(AbstractResourceOrigin.java:132) [magnolia-resource-loader-6.2.7.jar:?]
	at info.magnolia.resourceloader.file.FileWatcherCallback$1.visitFile(FileWatcherCallback.java:126) [magnolia-resource-loader-6.2.7.jar:?]
	at info.magnolia.resourceloader.file.FileWatcherCallback$1.visitFile(FileWatcherCallback.java:122) [magnolia-resource-loader-6.2.7.jar:?]
	at java.nio.file.Files.walkFileTree(Files.java:2670) [?:1.8.0_181]
	at info.magnolia.resourceloader.file.FileWatcherCallback.dispatchResourceChange(FileWatcherCallback.java:122) [magnolia-resource-loader-6.2.7.jar:?]
	at info.magnolia.resourceloader.file.FileWatcherCallback.added(FileWatcherCallback.java:78) [magnolia-resource-loader-6.2.7.jar:?]
	at info.magnolia.dirwatch.DirectoryWatcher.processEvent(DirectoryWatcher.java:299) [magnolia-resource-loader-6.2.7.jar:?]
	at info.magnolia.dirwatch.DirectoryWatcher.run(DirectoryWatcher.java:247) [magnolia-resource-loader-6.2.7.jar:?]
	at java.util.concurrent.Executors$RunnableAdapter.call(Executors.java:511) [?:1.8.0_181]
	at java.util.concurrent.FutureTask.run(FutureTask.java:266) [?:1.8.0_181]
	at java.util.concurrent.ThreadPoolExecutor.runWorker(ThreadPoolExecutor.java:1149) [?:1.8.0_181]
	at java.util.concurrent.ThreadPoolExecutor$Worker.run(ThreadPoolExecutor.java:624) [?:1.8.0_181]
	at java.lang.Thread.run(Thread.java:748) [?:1.8.0_181]
ERROR info.magnolia.config.source.yaml.YamlConfigurationSource 03.04.2021 01:41:02 -- 1 severe problems have been encountered:
ERROR info.magnolia.config.source.yaml.YamlConfigurationSource 03.04.2021 01:41:02 -- 
Severity type:   SEVERE 
Title:           /: [Definition resolution] - Parsing configuration data from [/mbt/dialogs/components/content/card.yaml] failed 
Problem details: Failed to parse YAML file:
Resource not found: No resource found for path /mbt/includes/dialogs/fields/titleField.yaml in origin layered
info.magnolia.resourceloader.ResourceOrigin$ResourceNotFoundException: No resource found for path /mbt/includes/dialogs/fields/titleField.yaml in origin layered
	at info.magnolia.resourceloader.layered.LayeredResourceOrigin.getByPath(LayeredResourceOrigin.java:114) ~[magnolia-resource-loader-6.2.7.jar:?]
	at info.magnolia.resourceloader.layered.LayeredResourceOrigin.getByPath(LayeredResourceOrigin.java:72) ~[magnolia-resource-loader-6.2.7.jar:?]
	at info.magnolia.config.source.yaml.dependency.YamlFileDependency.getResource(YamlFileDependency.java:118) ~[magnolia-configuration-6.2.7.jar:?]
	at info.magnolia.config.source.yaml.dependency.YamlFileDependency.readData(YamlFileDependency.java:101) ~[magnolia-configuration-6.2.7.jar:?]
	at info.magnolia.config.source.yaml.construct.IncludeFileYamlWithModificationPossibility.construct(IncludeFileYamlWithModificationPossibility.java:118) ~[magnolia-configuration-6.2.7.jar:?]
	at org.yaml.snakeyaml.constructor.BaseConstructor.constructObjectNoCheck(BaseConstructor.java:230) ~[snakeyaml-1.26.jar:?]
	at org.yaml.snakeyaml.constructor.BaseConstructor.constructObject(BaseConstructor.java:219) ~[snakeyaml-1.26.jar:?]
	at org.yaml.snakeyaml.constructor.BaseConstructor.constructSequenceStep2(BaseConstructor.java:390) ~[snakeyaml-1.26.jar:?]
	at org.yaml.snakeyaml.constructor.BaseConstructor.constructSequence(BaseConstructor.java:374) ~[snakeyaml-1.26.jar:?]
	at org.yaml.snakeyaml.constructor.SafeConstructor$ConstructYamlSeq.construct(SafeConstructor.java:534) ~[snakeyaml-1.26.jar:?]
	at org.yaml.snakeyaml.constructor.BaseConstructor.constructObjectNoCheck(BaseConstructor.java:230) ~[snakeyaml-1.26.jar:?]
	at org.yaml.snakeyaml.constructor.BaseConstructor.constructObject(BaseConstructor.java:219) ~[snakeyaml-1.26.jar:?]
	at org.yaml.snakeyaml.constructor.BaseConstructor.constructMapping2ndStep(BaseConstructor.java:479) ~[snakeyaml-1.26.jar:?]
	at org.yaml.snakeyaml.constructor.SafeConstructor.constructMapping2ndStep(SafeConstructor.java:190) ~[snakeyaml-1.26.jar:?]
	at info.magnolia.config.source.yaml.MgnlYamlConstructor.constructMapping2ndStep(MgnlYamlConstructor.java:114) ~[magnolia-configuration-6.2.7.jar:?]
	at org.yaml.snakeyaml.constructor.BaseConstructor.constructMapping(BaseConstructor.java:460) ~[snakeyaml-1.26.jar:?]
	at org.yaml.snakeyaml.constructor.SafeConstructor$ConstructYamlMap.construct(SafeConstructor.java:556) ~[snakeyaml-1.26.jar:?]
	at org.yaml.snakeyaml.constructor.BaseConstructor.constructObjectNoCheck(BaseConstructor.java:230) ~[snakeyaml-1.26.jar:?]
	at org.yaml.snakeyaml.constructor.BaseConstructor.constructObject(BaseConstructor.java:219) ~[snakeyaml-1.26.jar:?]
	at org.yaml.snakeyaml.constructor.BaseConstructor.constructSequenceStep2(BaseConstructor.java:390) ~[snakeyaml-1.26.jar:?]
	at org.yaml.snakeyaml.constructor.BaseConstructor.constructSequence(BaseConstructor.java:374) ~[snakeyaml-1.26.jar:?]
	at org.yaml.snakeyaml.constructor.SafeConstructor$ConstructYamlSeq.construct(SafeConstructor.java:534) ~[snakeyaml-1.26.jar:?]
	at org.yaml.snakeyaml.constructor.BaseConstructor.constructObjectNoCheck(BaseConstructor.java:230) ~[snakeyaml-1.26.jar:?]
	at org.yaml.snakeyaml.constructor.BaseConstructor.constructObject(BaseConstructor.java:219) ~[snakeyaml-1.26.jar:?]
	at org.yaml.snakeyaml.constructor.BaseConstructor.constructMapping2ndStep(BaseConstructor.java:479) ~[snakeyaml-1.26.jar:?]
	at org.yaml.snakeyaml.constructor.SafeConstructor.constructMapping2ndStep(SafeConstructor.java:190) ~[snakeyaml-1.26.jar:?]
	at info.magnolia.config.source.yaml.MgnlYamlConstructor.constructMapping2ndStep(MgnlYamlConstructor.java:114) ~[magnolia-configuration-6.2.7.jar:?]
	at org.yaml.snakeyaml.constructor.BaseConstructor.constructMapping(BaseConstructor.java:460) ~[snakeyaml-1.26.jar:?]
	at org.yaml.snakeyaml.constructor.SafeConstructor$ConstructYamlMap.construct(SafeConstructor.java:556) ~[snakeyaml-1.26.jar:?]
	at org.yaml.snakeyaml.constructor.BaseConstructor.constructObjectNoCheck(BaseConstructor.java:230) ~[snakeyaml-1.26.jar:?]
	at org.yaml.snakeyaml.constructor.BaseConstructor.constructObject(BaseConstructor.java:219) ~[snakeyaml-1.26.jar:?]
	at org.yaml.snakeyaml.constructor.BaseConstructor.constructMapping2ndStep(BaseConstructor.java:479) ~[snakeyaml-1.26.jar:?]
	at org.yaml.snakeyaml.constructor.SafeConstructor.constructMapping2ndStep(SafeConstructor.java:190) ~[snakeyaml-1.26.jar:?]
	at info.magnolia.config.source.yaml.MgnlYamlConstructor.constructMapping2ndStep(MgnlYamlConstructor.java:114) ~[magnolia-configuration-6.2.7.jar:?]
	at org.yaml.snakeyaml.constructor.BaseConstructor.constructMapping(BaseConstructor.java:460) ~[snakeyaml-1.26.jar:?]
	at org.yaml.snakeyaml.constructor.SafeConstructor$ConstructYamlMap.construct(SafeConstructor.java:556) ~[snakeyaml-1.26.jar:?]
	at org.yaml.snakeyaml.constructor.BaseConstructor.constructObjectNoCheck(BaseConstructor.java:230) ~[snakeyaml-1.26.jar:?]
	at org.yaml.snakeyaml.constructor.BaseConstructor.constructObject(BaseConstructor.java:219) ~[snakeyaml-1.26.jar:?]
	at org.yaml.snakeyaml.constructor.BaseConstructor.constructDocument(BaseConstructor.java:173) ~[snakeyaml-1.26.jar:?]
	at org.yaml.snakeyaml.constructor.BaseConstructor.getSingleData(BaseConstructor.java:157) ~[snakeyaml-1.26.jar:?]
	at org.yaml.snakeyaml.Yaml.loadFromReader(Yaml.java:472) ~[snakeyaml-1.26.jar:?]
	at org.yaml.snakeyaml.Yaml.load(Yaml.java:424) ~[snakeyaml-1.26.jar:?]
	at info.magnolia.config.source.yaml.YamlReader.doReadWithDependencies(YamlReader.java:89) ~[magnolia-configuration-6.2.7.jar:?]
	at info.magnolia.config.source.yaml.YamlReader.readWithDependencies(YamlReader.java:81) ~[magnolia-configuration-6.2.7.jar:?]
	at info.magnolia.config.source.yaml.YamlReader.readWithDependencies(YamlReader.java:77) ~[magnolia-configuration-6.2.7.jar:?]
	at info.magnolia.config.source.yaml.YamlDefinitionProvider.resolve(YamlDefinitionProvider.java:191) ~[magnolia-configuration-6.2.7.jar:?]
	at info.magnolia.config.source.yaml.YamlDefinitionProvider.getDelegate(YamlDefinitionProvider.java:153) ~[magnolia-configuration-6.2.7.jar:?]
	at info.magnolia.config.registry.AbstractDefinitionProviderWrapper.getMetadata(AbstractDefinitionProviderWrapper.java:56) ~[magnolia-configuration-6.2.7.jar:?]
	at info.magnolia.config.registry.RegistryMap.asStringKey(RegistryMap.java:183) ~[magnolia-configuration-6.2.7.jar:?]
	at info.magnolia.config.registry.RegistryMap.put(RegistryMap.java:98) ~[magnolia-configuration-6.2.7.jar:?]
	at info.magnolia.config.registry.AbstractRegistry.register(AbstractRegistry.java:87) ~[magnolia-configuration-6.2.7.jar:?]
	at info.magnolia.config.source.yaml.YamlConfigurationSource.loadAndRegister(YamlConfigurationSource.java:142) ~[magnolia-configuration-6.2.7.jar:?]
	at info.magnolia.config.source.yaml.AbstractFileResourceConfigurationSource.lambda$start$2(AbstractFileResourceConfigurationSource.java:162) ~[magnolia-configuration-6.2.7.jar:?]
	at info.magnolia.resourceloader.layered.LayeredResourceOrigin$RelayingChangeHandler.onResourceChanged(LayeredResourceOrigin.java:290) [magnolia-resource-loader-6.2.7.jar:?]
	at info.magnolia.resourceloader.AbstractResourceOrigin.dispatchResourceChange(AbstractResourceOrigin.java:132) [magnolia-resource-loader-6.2.7.jar:?]
	at info.magnolia.resourceloader.file.FileWatcherCallback$1.visitFile(FileWatcherCallback.java:126) [magnolia-resource-loader-6.2.7.jar:?]
	at info.magnolia.resourceloader.file.FileWatcherCallback$1.visitFile(FileWatcherCallback.java:122) [magnolia-resource-loader-6.2.7.jar:?]
	at java.nio.file.Files.walkFileTree(Files.java:2670) [?:1.8.0_181]
	at info.magnolia.resourceloader.file.FileWatcherCallback.dispatchResourceChange(FileWatcherCallback.java:122) [magnolia-resource-loader-6.2.7.jar:?]
	at info.magnolia.resourceloader.file.FileWatcherCallback.added(FileWatcherCallback.java:78) [magnolia-resource-loader-6.2.7.jar:?]
	at info.magnolia.dirwatch.DirectoryWatcher.processEvent(DirectoryWatcher.java:299) [magnolia-resource-loader-6.2.7.jar:?]
	at info.magnolia.dirwatch.DirectoryWatcher.run(DirectoryWatcher.java:247) [magnolia-resource-loader-6.2.7.jar:?]
	at java.util.concurrent.Executors$RunnableAdapter.call(Executors.java:511) [?:1.8.0_181]
	at java.util.concurrent.FutureTask.run(FutureTask.java:266) [?:1.8.0_181]
	at java.util.concurrent.ThreadPoolExecutor.runWorker(ThreadPoolExecutor.java:1149) [?:1.8.0_181]
	at java.util.concurrent.ThreadPoolExecutor$Worker.run(ThreadPoolExecutor.java:624) [?:1.8.0_181]
	at java.lang.Thread.run(Thread.java:748) [?:1.8.0_181]
ERROR info.magnolia.config.source.yaml.YamlConfigurationSource 08.04.2021 15:23:06 -- 1 severe problems have been encountered:
ERROR info.magnolia.config.source.yaml.YamlConfigurationSource 08.04.2021 15:23:06 -- 
Severity type:   SEVERE 
Title:           /: [Definition resolution] - Parsing configuration data from [/mbt/templates/pages/home.yaml] failed 
Problem details: Failed to parse YAML file:
Scanner: while scanning a simple key
 in 'reader', line 10, column 3:
      !include:/mbt/includes/areas/com ... 
      ^
could not find expected ':'
 in 'reader', line 11, column 3:
      footer:
      ^

info.magnolia.config.source.yaml.YamlReaderException: YAML parsing error in LayeredResource{path='/mbt/templates/pages/home.yaml', layeredResources=[FileSystemResource{origin=filesystem,path=/mbt/templates/pages/home.yaml,file}]} at line 10, column 2:
      footer:
      ^: could not find expected ':'
	at info.magnolia.config.source.yaml.YamlReader.doReadWithDependencies(YamlReader.java:91) ~[magnolia-configuration-6.2.7.jar:?]
	at info.magnolia.config.source.yaml.YamlReader.readWithDependencies(YamlReader.java:81) ~[magnolia-configuration-6.2.7.jar:?]
	at info.magnolia.config.source.yaml.YamlReader.readWithDependencies(YamlReader.java:77) ~[magnolia-configuration-6.2.7.jar:?]
	at info.magnolia.config.source.yaml.YamlDefinitionProvider.resolve(YamlDefinitionProvider.java:191) ~[magnolia-configuration-6.2.7.jar:?]
	at info.magnolia.config.source.yaml.YamlDefinitionProvider.getDelegate(YamlDefinitionProvider.java:153) ~[magnolia-configuration-6.2.7.jar:?]
	at info.magnolia.config.registry.AbstractDefinitionProviderWrapper.getMetadata(AbstractDefinitionProviderWrapper.java:56) ~[magnolia-configuration-6.2.7.jar:?]
	at info.magnolia.config.registry.AbstractDefinitionProviderWrapper.getMetadata(AbstractDefinitionProviderWrapper.java:56) ~[magnolia-configuration-6.2.7.jar:?]
	at info.magnolia.config.registry.RegistryMap.asStringKey(RegistryMap.java:183) ~[magnolia-configuration-6.2.7.jar:?]
	at info.magnolia.config.registry.RegistryMap.put(RegistryMap.java:98) ~[magnolia-configuration-6.2.7.jar:?]
	at info.magnolia.config.registry.AbstractRegistry.register(AbstractRegistry.java:87) ~[magnolia-configuration-6.2.7.jar:?]
	at info.magnolia.config.source.yaml.YamlConfigurationSource.loadAndRegister(YamlConfigurationSource.java:142) ~[magnolia-configuration-6.2.7.jar:?]
	at info.magnolia.config.source.yaml.AbstractFileResourceConfigurationSource.lambda$start$2(AbstractFileResourceConfigurationSource.java:162) ~[magnolia-configuration-6.2.7.jar:?]
	at info.magnolia.resourceloader.layered.LayeredResourceOrigin$RelayingChangeHandler.onResourceChanged(LayeredResourceOrigin.java:284) [magnolia-resource-loader-6.2.7.jar:?]
	at info.magnolia.resourceloader.AbstractResourceOrigin.dispatchResourceChange(AbstractResourceOrigin.java:132) [magnolia-resource-loader-6.2.7.jar:?]
	at info.magnolia.resourceloader.file.FileWatcherCallback.dispatchResourceChange(FileWatcherCallback.java:118) [magnolia-resource-loader-6.2.7.jar:?]
	at info.magnolia.resourceloader.file.FileWatcherCallback.modified(FileWatcherCallback.java:89) [magnolia-resource-loader-6.2.7.jar:?]
	at info.magnolia.dirwatch.DirectoryWatcher.processEvent(DirectoryWatcher.java:303) [magnolia-resource-loader-6.2.7.jar:?]
	at info.magnolia.dirwatch.DirectoryWatcher.run(DirectoryWatcher.java:247) [magnolia-resource-loader-6.2.7.jar:?]
	at java.util.concurrent.Executors$RunnableAdapter.call(Unknown Source) [?:1.8.0_281]
	at java.util.concurrent.FutureTask.run(Unknown Source) [?:1.8.0_281]
	at java.util.concurrent.ThreadPoolExecutor.runWorker(Unknown Source) [?:1.8.0_281]
	at java.util.concurrent.ThreadPoolExecutor$Worker.run(Unknown Source) [?:1.8.0_281]
	at java.lang.Thread.run(Unknown Source) [?:1.8.0_281]
Caused by: org.yaml.snakeyaml.scanner.ScannerException: while scanning a simple key
 in 'reader', line 10, column 3:
      !include:/mbt/includes/areas/com ... 
      ^
could not find expected ':'
 in 'reader', line 11, column 3:
      footer:
      ^

	at org.yaml.snakeyaml.scanner.ScannerImpl.stalePossibleSimpleKeys(ScannerImpl.java:464) ~[snakeyaml-1.26.jar:?]
	at org.yaml.snakeyaml.scanner.ScannerImpl.fetchMoreTokens(ScannerImpl.java:289) ~[snakeyaml-1.26.jar:?]
	at org.yaml.snakeyaml.scanner.ScannerImpl.checkToken(ScannerImpl.java:227) ~[snakeyaml-1.26.jar:?]
	at org.yaml.snakeyaml.parser.ParserImpl$ParseBlockMappingKey.produce(ParserImpl.java:558) ~[snakeyaml-1.26.jar:?]
	at org.yaml.snakeyaml.parser.ParserImpl.peekEvent(ParserImpl.java:158) ~[snakeyaml-1.26.jar:?]
	at org.yaml.snakeyaml.parser.ParserImpl.checkEvent(ParserImpl.java:148) ~[snakeyaml-1.26.jar:?]
	at org.yaml.snakeyaml.composer.Composer.composeMappingNode(Composer.java:235) ~[snakeyaml-1.26.jar:?]
	at org.yaml.snakeyaml.composer.Composer.composeNode(Composer.java:162) ~[snakeyaml-1.26.jar:?]
	at org.yaml.snakeyaml.composer.Composer.composeValueNode(Composer.java:257) ~[snakeyaml-1.26.jar:?]
	at org.yaml.snakeyaml.composer.Composer.composeMappingChildren(Composer.java:248) ~[snakeyaml-1.26.jar:?]
	at org.yaml.snakeyaml.composer.Composer.composeMappingNode(Composer.java:236) ~[snakeyaml-1.26.jar:?]
	at org.yaml.snakeyaml.composer.Composer.composeNode(Composer.java:162) ~[snakeyaml-1.26.jar:?]
	at org.yaml.snakeyaml.composer.Composer.getNode(Composer.java:95) ~[snakeyaml-1.26.jar:?]
	at org.yaml.snakeyaml.composer.Composer.getSingleNode(Composer.java:119) ~[snakeyaml-1.26.jar:?]
	at org.yaml.snakeyaml.constructor.BaseConstructor.getSingleData(BaseConstructor.java:150) ~[snakeyaml-1.26.jar:?]
	at org.yaml.snakeyaml.Yaml.loadFromReader(Yaml.java:472) ~[snakeyaml-1.26.jar:?]
	at org.yaml.snakeyaml.Yaml.load(Yaml.java:424) ~[snakeyaml-1.26.jar:?]
	at info.magnolia.config.source.yaml.YamlReader.doReadWithDependencies(YamlReader.java:89) ~[magnolia-configuration-6.2.7.jar:?]
	... 22 more
ERROR info.magnolia.config.source.yaml.YamlConfigurationSource 08.04.2021 15:23:06 -- 1 severe problems have been encountered:
ERROR info.magnolia.config.source.yaml.YamlConfigurationSource 08.04.2021 15:23:06 -- 
Severity type:   SEVERE 
Title:           /: [Definition resolution] - Parsing configuration data from [/mbt/templates/pages/home.yaml] failed 
Problem details: Failed to parse YAML file:
Scanner: while scanning a simple key
 in 'reader', line 10, column 3:
      !include:/mbt/includes/areas/com ... 
      ^
could not find expected ':'
 in 'reader', line 11, column 3:
      footer:
      ^

info.magnolia.config.source.yaml.YamlReaderException: YAML parsing error in LayeredResource{path='/mbt/templates/pages/home.yaml', layeredResources=[FileSystemResource{origin=filesystem,path=/mbt/templates/pages/home.yaml,file}]} at line 10, column 2:
      footer:
      ^: could not find expected ':'
	at info.magnolia.config.source.yaml.YamlReader.doReadWithDependencies(YamlReader.java:91) ~[magnolia-configuration-6.2.7.jar:?]
	at info.magnolia.config.source.yaml.YamlReader.readWithDependencies(YamlReader.java:81) ~[magnolia-configuration-6.2.7.jar:?]
	at info.magnolia.config.source.yaml.YamlReader.readWithDependencies(YamlReader.java:77) ~[magnolia-configuration-6.2.7.jar:?]
	at info.magnolia.config.source.yaml.YamlDefinitionProvider.resolve(YamlDefinitionProvider.java:191) ~[magnolia-configuration-6.2.7.jar:?]
	at info.magnolia.config.source.yaml.YamlDefinitionProvider.getDelegate(YamlDefinitionProvider.java:153) ~[magnolia-configuration-6.2.7.jar:?]
	at info.magnolia.config.registry.AbstractDefinitionProviderWrapper.getMetadata(AbstractDefinitionProviderWrapper.java:56) ~[magnolia-configuration-6.2.7.jar:?]
	at info.magnolia.config.registry.AbstractDefinitionProviderWrapper.getMetadata(AbstractDefinitionProviderWrapper.java:56) ~[magnolia-configuration-6.2.7.jar:?]
	at info.magnolia.config.registry.RegistryMap.asStringKey(RegistryMap.java:183) ~[magnolia-configuration-6.2.7.jar:?]
	at info.magnolia.config.registry.RegistryMap.put(RegistryMap.java:98) ~[magnolia-configuration-6.2.7.jar:?]
	at info.magnolia.config.registry.AbstractRegistry.register(AbstractRegistry.java:87) ~[magnolia-configuration-6.2.7.jar:?]
	at info.magnolia.config.source.yaml.YamlConfigurationSource.loadAndRegister(YamlConfigurationSource.java:142) ~[magnolia-configuration-6.2.7.jar:?]
	at info.magnolia.config.source.yaml.AbstractFileResourceConfigurationSource.lambda$start$2(AbstractFileResourceConfigurationSource.java:162) ~[magnolia-configuration-6.2.7.jar:?]
	at info.magnolia.resourceloader.layered.LayeredResourceOrigin$RelayingChangeHandler.onResourceChanged(LayeredResourceOrigin.java:284) [magnolia-resource-loader-6.2.7.jar:?]
	at info.magnolia.resourceloader.AbstractResourceOrigin.dispatchResourceChange(AbstractResourceOrigin.java:132) [magnolia-resource-loader-6.2.7.jar:?]
	at info.magnolia.resourceloader.file.FileWatcherCallback.dispatchResourceChange(FileWatcherCallback.java:118) [magnolia-resource-loader-6.2.7.jar:?]
	at info.magnolia.resourceloader.file.FileWatcherCallback.modified(FileWatcherCallback.java:89) [magnolia-resource-loader-6.2.7.jar:?]
	at info.magnolia.dirwatch.DirectoryWatcher.processEvent(DirectoryWatcher.java:303) [magnolia-resource-loader-6.2.7.jar:?]
	at info.magnolia.dirwatch.DirectoryWatcher.run(DirectoryWatcher.java:247) [magnolia-resource-loader-6.2.7.jar:?]
	at java.util.concurrent.Executors$RunnableAdapter.call(Unknown Source) [?:1.8.0_281]
	at java.util.concurrent.FutureTask.run(Unknown Source) [?:1.8.0_281]
	at java.util.concurrent.ThreadPoolExecutor.runWorker(Unknown Source) [?:1.8.0_281]
	at java.util.concurrent.ThreadPoolExecutor$Worker.run(Unknown Source) [?:1.8.0_281]
	at java.lang.Thread.run(Unknown Source) [?:1.8.0_281]
Caused by: org.yaml.snakeyaml.scanner.ScannerException: while scanning a simple key
 in 'reader', line 10, column 3:
      !include:/mbt/includes/areas/com ... 
      ^
could not find expected ':'
 in 'reader', line 11, column 3:
      footer:
      ^

	at org.yaml.snakeyaml.scanner.ScannerImpl.stalePossibleSimpleKeys(ScannerImpl.java:464) ~[snakeyaml-1.26.jar:?]
	at org.yaml.snakeyaml.scanner.ScannerImpl.fetchMoreTokens(ScannerImpl.java:289) ~[snakeyaml-1.26.jar:?]
	at org.yaml.snakeyaml.scanner.ScannerImpl.checkToken(ScannerImpl.java:227) ~[snakeyaml-1.26.jar:?]
	at org.yaml.snakeyaml.parser.ParserImpl$ParseBlockMappingKey.produce(ParserImpl.java:558) ~[snakeyaml-1.26.jar:?]
	at org.yaml.snakeyaml.parser.ParserImpl.peekEvent(ParserImpl.java:158) ~[snakeyaml-1.26.jar:?]
	at org.yaml.snakeyaml.parser.ParserImpl.checkEvent(ParserImpl.java:148) ~[snakeyaml-1.26.jar:?]
	at org.yaml.snakeyaml.composer.Composer.composeMappingNode(Composer.java:235) ~[snakeyaml-1.26.jar:?]
	at org.yaml.snakeyaml.composer.Composer.composeNode(Composer.java:162) ~[snakeyaml-1.26.jar:?]
	at org.yaml.snakeyaml.composer.Composer.composeValueNode(Composer.java:257) ~[snakeyaml-1.26.jar:?]
	at org.yaml.snakeyaml.composer.Composer.composeMappingChildren(Composer.java:248) ~[snakeyaml-1.26.jar:?]
	at org.yaml.snakeyaml.composer.Composer.composeMappingNode(Composer.java:236) ~[snakeyaml-1.26.jar:?]
	at org.yaml.snakeyaml.composer.Composer.composeNode(Composer.java:162) ~[snakeyaml-1.26.jar:?]
	at org.yaml.snakeyaml.composer.Composer.getNode(Composer.java:95) ~[snakeyaml-1.26.jar:?]
	at org.yaml.snakeyaml.composer.Composer.getSingleNode(Composer.java:119) ~[snakeyaml-1.26.jar:?]
	at org.yaml.snakeyaml.constructor.BaseConstructor.getSingleData(BaseConstructor.java:150) ~[snakeyaml-1.26.jar:?]
	at org.yaml.snakeyaml.Yaml.loadFromReader(Yaml.java:472) ~[snakeyaml-1.26.jar:?]
	at org.yaml.snakeyaml.Yaml.load(Yaml.java:424) ~[snakeyaml-1.26.jar:?]
	at info.magnolia.config.source.yaml.YamlReader.doReadWithDependencies(YamlReader.java:89) ~[magnolia-configuration-6.2.7.jar:?]
	... 22 more
