INFO  info.magnolia.cms.beans.config.ConfigLoader 10.04.2021 10:39:11 -- Initializing content repositories
INFO  info.magnolia.repository.DefaultRepositoryManager 10.04.2021 10:39:11 -- Loading JCR
INFO  info.magnolia.repository.DefaultRepositoryManager 10.04.2021 10:39:11 -- Loading JCR magnolia
INFO  info.magnolia.jackrabbit.ProviderImpl 10.04.2021 10:39:11 -- Loading repository at C:\Users\Admin\Documents\GitHub\dxpa2\apache-tomcat\webapps\magnoliaPublic\repositories\magnolia (config file: C:\Users\Admin\Documents\GitHub\dxpa2\apache-tomcat\webapps\magnoliaPublic\WEB-INF\config\repo-conf\jackrabbit-bundle-h2-search.xml) - cluster id: "<unset>"
WARN  org.apache.jackrabbit.core.util.RepositoryLock 10.04.2021 10:39:11 -- Existing lock file C:\Users\Admin\Documents\GitHub\dxpa2\apache-tomcat\webapps\magnoliaPublic\repositories\magnolia\.lock detected. Repository was not shut down properly.
INFO  info.magnolia.repository.DefaultRepositoryManager 10.04.2021 10:39:20 -- Loading workspace mgnlVersion (logical name magnolia-mgnlVersion).
INFO  info.magnolia.repository.DefaultRepositoryManager 10.04.2021 10:39:20 -- Loading workspace profiles (logical name profiles).
INFO  info.magnolia.repository.DefaultRepositoryManager 10.04.2021 10:39:20 -- Loading workspace resources (logical name resources).
INFO  info.magnolia.repository.DefaultRepositoryManager 10.04.2021 10:39:20 -- Loading workspace imaging (logical name imaging).
INFO  info.magnolia.repository.DefaultRepositoryManager 10.04.2021 10:39:21 -- Loading workspace dam (logical name dam).
INFO  info.magnolia.repository.DefaultRepositoryManager 10.04.2021 10:39:21 -- Loading workspace default (logical name default).
INFO  info.magnolia.repository.DefaultRepositoryManager 10.04.2021 10:39:21 -- Loading workspace rss (logical name rss).
INFO  info.magnolia.repository.DefaultRepositoryManager 10.04.2021 10:39:21 -- Loading workspace mgnlSystem (logical name magnolia-mgnlSystem).
INFO  info.magnolia.repository.DefaultRepositoryManager 10.04.2021 10:39:21 -- Loading workspace messages (logical name messages).
INFO  info.magnolia.repository.DefaultRepositoryManager 10.04.2021 10:39:22 -- Loading workspace keystore (logical name keystore).
INFO  info.magnolia.repository.DefaultRepositoryManager 10.04.2021 10:39:22 -- Loading workspace category (logical name category).
INFO  info.magnolia.repository.DefaultRepositoryManager 10.04.2021 10:39:23 -- Loading workspace scripts (logical name scripts).
INFO  info.magnolia.repository.DefaultRepositoryManager 10.04.2021 10:39:23 -- Loading workspace tasks (logical name tasks).
INFO  info.magnolia.context.LifeTimeJCRSessionUtil 10.04.2021 10:39:29 -- Will handle lifetime sessions because the system context is of type interface info.magnolia.context.ThreadDependentSystemContext
INFO  info.magnolia.module.webapp.WebappVersionHandler 10.04.2021 10:39:48 -- Content was found in the repository, will not bootstrap web-app.
INFO  info.magnolia.jackrabbit.ProviderImpl 10.04.2021 10:39:48 -- Custom node types registered using /mgnl-nodetypes/magnolia-dam-nodetypes.cnd
INFO  info.magnolia.jackrabbit.ProviderImpl 10.04.2021 10:39:48 -- Custom node types registered using /mgnl-nodetypes/magnolia-message-nodetypes.cnd
INFO  info.magnolia.jackrabbit.ProviderImpl 10.04.2021 10:39:48 -- Custom node types registered using /mgnl-nodetypes/magnolia-favorite-nodetypes.cnd
INFO  info.magnolia.jackrabbit.ProviderImpl 10.04.2021 10:39:48 -- Custom node types registered using /mgnl-nodetypes/magnolia-keystore-nodetypes.xml
INFO  info.magnolia.jackrabbit.ProviderImpl 10.04.2021 10:39:48 -- Custom node types registered using /mgnl-nodetypes/tasks-nodetypes.xml
INFO  info.magnolia.jackrabbit.ProviderImpl 10.04.2021 10:39:48 -- Custom node types registered using /mgnl-nodetypes/magnolia-rssaggregator-nodetypes.xml
INFO  info.magnolia.jackrabbit.ProviderImpl 10.04.2021 10:39:48 -- Custom node types registered using /mgnl-nodetypes/magnolia-category-nodetypes.cnd
INFO  info.magnolia.module.ModuleManagerImpl 10.04.2021 10:39:48 -- Initializing module core
INFO  info.magnolia.module.ModuleManagerImpl 10.04.2021 10:39:48 -- Initializing module dam
INFO  info.magnolia.module.ModuleManagerImpl 10.04.2021 10:39:48 -- Initializing module freemarker-support
INFO  info.magnolia.module.ModuleManagerImpl 10.04.2021 10:39:48 -- Initializing module periscope-api
INFO  info.magnolia.module.ModuleManagerImpl 10.04.2021 10:39:48 -- Initializing module speech-recognizer
INFO  info.magnolia.module.ModuleManagerImpl 10.04.2021 10:39:48 -- Initializing module categorization-support
INFO  info.magnolia.module.ModuleManagerImpl 10.04.2021 10:39:48 -- Initializing module ce-product-descriptor
INFO  info.magnolia.module.ModuleManagerImpl 10.04.2021 10:39:48 -- Initializing module imaging-support
INFO  info.magnolia.module.ModuleManagerImpl 10.04.2021 10:39:48 -- Initializing module publishing-core
INFO  info.magnolia.module.ModuleManagerImpl 10.04.2021 10:39:48 -- Initializing module resource-loader
INFO  info.magnolia.module.ModuleManagerImpl 10.04.2021 10:39:48 -- Initializing module rest-integration
INFO  info.magnolia.module.ModuleManagerImpl 10.04.2021 10:39:48 -- Initializing module config
INFO  info.magnolia.module.ModuleManagerImpl 10.04.2021 10:39:48 -- Initializing module i18n
INFO  info.magnolia.module.ModuleManagerImpl 10.04.2021 10:39:48 -- Initializing module publishing-receiver
INFO  info.magnolia.module.ModuleManagerImpl 10.04.2021 10:39:48 -- Initializing module publishing-sender
INFO  info.magnolia.module.ModuleManagerImpl 10.04.2021 10:39:48 -- Initializing module rest-services
INFO  info.magnolia.module.ModuleManagerImpl 10.04.2021 10:39:48 -- Initializing module cache
INFO  info.magnolia.module.ModuleManagerImpl 10.04.2021 10:39:48 -- Initializing module content-types
INFO  info.magnolia.module.ModuleManagerImpl 10.04.2021 10:39:48 -- Initializing module periscope-core
INFO  info.magnolia.module.ModuleManagerImpl 10.04.2021 10:39:48 -- Initializing module rendering
INFO  info.magnolia.module.ModuleManagerImpl 10.04.2021 10:39:48 -- Initializing module ui-framework-core
INFO  info.magnolia.module.ModuleManagerImpl 10.04.2021 10:39:48 -- Initializing module virtual-uri
INFO  info.magnolia.module.ModuleManagerImpl 10.04.2021 10:39:48 -- Initializing module dam-jcr
INFO  info.magnolia.module.ModuleManagerImpl 10.04.2021 10:39:48 -- Initializing module ehcache3
INFO  info.magnolia.module.ModuleManagerImpl 10.04.2021 10:39:48 -- Initializing module imaging
INFO  info.magnolia.module.ModuleManagerImpl 10.04.2021 10:39:48 -- Initializing module tasks-app
INFO  info.magnolia.module.ModuleManagerImpl 10.04.2021 10:39:48 -- Initializing module templating
INFO  info.magnolia.module.ModuleManagerImpl 10.04.2021 10:39:48 -- Initializing module ui-framework-jcr
INFO  info.magnolia.module.ModuleManagerImpl 10.04.2021 10:39:48 -- Initializing module resources
INFO  info.magnolia.module.ModuleManagerImpl 10.04.2021 10:39:48 -- Initializing module ui-framework
INFO  info.magnolia.module.ModuleManagerImpl 10.04.2021 10:39:48 -- Initializing module magnolia-resources-templating
INFO  info.magnolia.module.ModuleManagerImpl 10.04.2021 10:39:48 -- Initializing module scheduler
INFO  info.magnolia.module.ModuleManagerImpl 10.04.2021 10:39:48 -- Initializing module site
INFO  info.magnolia.module.ModuleManagerImpl 10.04.2021 10:39:48 -- Initializing module ui-admincentral
INFO  info.magnolia.module.ModuleManagerImpl 10.04.2021 10:39:48 -- Initializing module ui-mediaeditor
INFO  info.magnolia.module.ModuleManagerImpl 10.04.2021 10:39:48 -- Initializing module cache-app
INFO  info.magnolia.module.ModuleManagerImpl 10.04.2021 10:39:48 -- Initializing module dam-imaging
INFO  info.magnolia.module.ModuleManagerImpl 10.04.2021 10:39:48 -- Initializing module dam-templating
INFO  info.magnolia.module.ModuleManagerImpl 10.04.2021 10:39:48 -- Initializing module definitions-app
INFO  info.magnolia.module.ModuleManagerImpl 10.04.2021 10:39:48 -- Initializing module groovy
INFO  info.magnolia.module.ModuleManagerImpl 10.04.2021 10:39:48 -- Initializing module jcr-browser
INFO  info.magnolia.module.ModuleManagerImpl 10.04.2021 10:39:48 -- Initializing module log-tools
INFO  info.magnolia.module.ModuleManagerImpl 10.04.2021 10:39:48 -- Initializing module magnolia-usage-metrics
INFO  info.magnolia.module.ModuleManagerImpl 10.04.2021 10:39:48 -- Initializing module messages-app
INFO  info.magnolia.module.ModuleManagerImpl 10.04.2021 10:39:48 -- Initializing module mte-imaging
INFO  info.magnolia.module.ModuleManagerImpl 10.04.2021 10:39:48 -- Initializing module pages-app
INFO  info.magnolia.module.ModuleManagerImpl 10.04.2021 10:39:48 -- Initializing module password-manager
INFO  info.magnolia.module.ModuleManagerImpl 10.04.2021 10:39:48 -- Initializing module publishing-app
INFO  info.magnolia.module.ModuleManagerImpl 10.04.2021 10:39:48 -- Initializing module resources-app
INFO  info.magnolia.module.ModuleManagerImpl 10.04.2021 10:39:48 -- Initializing module security-app
INFO  info.magnolia.module.ModuleManagerImpl 10.04.2021 10:39:48 -- Initializing module spa-rendering
INFO  info.magnolia.module.ModuleManagerImpl 10.04.2021 10:39:48 -- Initializing module task-management
INFO  info.magnolia.module.ModuleManagerImpl 10.04.2021 10:39:48 -- Initializing module ui-contentapp
INFO  info.magnolia.module.ModuleManagerImpl 10.04.2021 10:39:48 -- Initializing module about-app
INFO  info.magnolia.module.ModuleManagerImpl 10.04.2021 10:39:48 -- Initializing module admincentral
INFO  info.magnolia.module.ModuleManagerImpl 10.04.2021 10:39:48 -- Initializing module content-importer
INFO  info.magnolia.module.ModuleManagerImpl 10.04.2021 10:39:48 -- Initializing module dam-app
INFO  info.magnolia.module.ModuleManagerImpl 10.04.2021 10:39:48 -- Initializing module jcr-tools
INFO  info.magnolia.module.ModuleManagerImpl 10.04.2021 10:39:48 -- Initializing module mail
INFO  info.magnolia.module.ModuleManagerImpl 10.04.2021 10:39:48 -- Initializing module rest-client
INFO  info.magnolia.module.ModuleManagerImpl 10.04.2021 10:39:48 -- Initializing module rest-content-delivery
INFO  info.magnolia.module.ModuleManagerImpl 10.04.2021 10:39:48 -- Initializing module site-app
INFO  info.magnolia.module.ModuleManagerImpl 10.04.2021 10:39:48 -- Initializing module cache-browser-app
INFO  info.magnolia.module.ModuleManagerImpl 10.04.2021 10:39:48 -- Initializing module dam-app-core
INFO  info.magnolia.module.ModuleManagerImpl 10.04.2021 10:39:48 -- Initializing module form
INFO  info.magnolia.module.ModuleManagerImpl 10.04.2021 10:39:48 -- Initializing module mte
INFO  info.magnolia.module.ModuleManagerImpl 10.04.2021 10:39:48 -- Initializing module rest-client-app
INFO  info.magnolia.module.ModuleManagerImpl 10.04.2021 10:39:48 -- Initializing module dam-app-jcr
INFO  info.magnolia.module.ModuleManagerImpl 10.04.2021 10:39:48 -- Initializing module javascript-models
INFO  info.magnolia.module.ModuleManagerImpl 10.04.2021 10:39:48 -- Initializing module mtk
INFO  info.magnolia.module.ModuleManagerImpl 10.04.2021 10:39:48 -- Initializing module rssaggregator
INFO  info.magnolia.module.ModuleManagerImpl 10.04.2021 10:39:48 -- Initializing module categorization
INFO  info.magnolia.module.ModuleManagerImpl 10.04.2021 10:39:48 -- Initializing module categories-app
INFO  info.magnolia.module.ModuleManagerImpl 10.04.2021 10:39:48 -- Initializing module categories-app-compatibility
INFO  info.magnolia.module.ModuleManagerImpl 10.04.2021 10:39:48 -- Initializing module lang-cs
INFO  info.magnolia.module.ModuleManagerImpl 10.04.2021 10:39:48 -- Initializing module lang-de
INFO  info.magnolia.module.ModuleManagerImpl 10.04.2021 10:39:48 -- Initializing module lang-es
INFO  info.magnolia.module.ModuleManagerImpl 10.04.2021 10:39:48 -- Initializing module lang-fi
INFO  info.magnolia.module.ModuleManagerImpl 10.04.2021 10:39:48 -- Initializing module lang-fr
INFO  info.magnolia.module.ModuleManagerImpl 10.04.2021 10:39:48 -- Initializing module lang-hr
INFO  info.magnolia.module.ModuleManagerImpl 10.04.2021 10:39:48 -- Initializing module lang-id
INFO  info.magnolia.module.ModuleManagerImpl 10.04.2021 10:39:48 -- Initializing module lang-it
INFO  info.magnolia.module.ModuleManagerImpl 10.04.2021 10:39:48 -- Initializing module lang-ja
INFO  info.magnolia.module.ModuleManagerImpl 10.04.2021 10:39:48 -- Initializing module lang-ko
INFO  info.magnolia.module.ModuleManagerImpl 10.04.2021 10:39:48 -- Initializing module lang-nl
INFO  info.magnolia.module.ModuleManagerImpl 10.04.2021 10:39:48 -- Initializing module lang-no
INFO  info.magnolia.module.ModuleManagerImpl 10.04.2021 10:39:48 -- Initializing module lang-pl
INFO  info.magnolia.module.ModuleManagerImpl 10.04.2021 10:39:48 -- Initializing module lang-pt
INFO  info.magnolia.module.ModuleManagerImpl 10.04.2021 10:39:48 -- Initializing module lang-pt_BR
INFO  info.magnolia.module.ModuleManagerImpl 10.04.2021 10:39:48 -- Initializing module lang-ru
INFO  info.magnolia.module.ModuleManagerImpl 10.04.2021 10:39:48 -- Initializing module lang-sk
INFO  info.magnolia.module.ModuleManagerImpl 10.04.2021 10:39:48 -- Initializing module lang-sq
INFO  info.magnolia.module.ModuleManagerImpl 10.04.2021 10:39:48 -- Initializing module lang-sv
INFO  info.magnolia.module.ModuleManagerImpl 10.04.2021 10:39:48 -- Initializing module lang-tr
INFO  info.magnolia.module.ModuleManagerImpl 10.04.2021 10:39:48 -- Initializing module lang-zh_CN
INFO  info.magnolia.module.ModuleManagerImpl 10.04.2021 10:39:48 -- Initializing module lang-zh_TW
INFO  info.magnolia.module.ModuleManagerImpl 10.04.2021 10:39:48 -- Initializing module webapp
INFO  info.magnolia.config.source.yaml.AbstractFileResourceConfigurationSource 10.04.2021 10:39:52 -- Setting up ModuleYamlConfigurationSource to load Object definitions from resources
INFO  info.magnolia.config.source.yaml.YamlConfigurationSource 10.04.2021 10:39:53 -- Registered definition from YAML file [/periscope-core/config.yaml]: [module] definition [periscope-core] with reference id: [periscope-core] from module [periscope-core] at [periscope-core/config]
INFO  info.magnolia.config.source.yaml.YamlConfigurationSource 10.04.2021 10:39:53 -- Registered definition from YAML file [/templating/config.yaml]: [module] definition [templating] with reference id: [templating] from module [templating] at [templating/config]
INFO  info.magnolia.config.source.yaml.YamlConfigurationSource 10.04.2021 10:39:54 -- Registered definition from YAML file [/admincentral/config.yaml]: [module] definition [admincentral] with reference id: [admincentral] from module [admincentral] at [admincentral/config]
INFO  info.magnolia.dirwatch.DirectoryWatcherService 10.04.2021 10:39:54 -- Starting DirectoryWatcher
INFO  info.magnolia.config.source.yaml.AbstractFileResourceConfigurationSource 10.04.2021 10:39:54 -- File based definition decorator resolved from [/rest-services/decorations/cache/modules/config/contentCaching.yaml] and will be added to [modules] registry
INFO  info.magnolia.config.source.yaml.decoration.YamlDefinitionDecorator 10.04.2021 10:39:54 -- Applied YAML file based decorator from [/rest-services/decorations/cache/modules/config/contentCaching.yaml] to definition provider [[module] definition [cache] with reference id: [cache] from module [cache] at [/modules/cache/config]]
INFO  info.magnolia.module.ModuleManagerImpl 10.04.2021 10:39:54 -- Starting module dam
INFO  info.magnolia.module.ModuleManagerImpl 10.04.2021 10:39:54 -- Starting module publishing-core
INFO  info.magnolia.module.ModuleManagerImpl 10.04.2021 10:39:54 -- Starting module rest-integration
INFO  info.magnolia.config.source.yaml.AbstractFileResourceConfigurationSource 10.04.2021 10:39:54 -- Setting up YamlConfigurationSource to load EndpointDefinition definitions from resources
INFO  info.magnolia.config.source.yaml.YamlConfigurationSource 10.04.2021 10:39:55 -- Registered definition from YAML file [/rest-services/restEndpoints/status.yaml]: [restEndpoint] definition [status] with reference id: [status] from module [rest-services] at [status]
INFO  info.magnolia.config.source.yaml.YamlConfigurationSource 10.04.2021 10:39:55 -- Registered definition from YAML file [/spa-rendering/restEndpoints/templateAnnotations/templateAnnotationEndpoint.yaml]: [restEndpoint] definition [templateAnnotationEndpoint] with reference id: [templateAnnotations/templateAnnotationEndpoint] from module [spa-rendering] at [templateAnnotations/templateAnnotationEndpoint]
INFO  info.magnolia.config.source.yaml.YamlConfigurationSource 10.04.2021 10:39:55 -- Registered definition from YAML file [/spa-rendering/restEndpoints/templateDefinitions/templateDefinitionEndpoint.yaml]: [restEndpoint] definition [templateDefinitionEndpoint] with reference id: [templateDefinitions/templateDefinitionEndpoint] from module [spa-rendering] at [templateDefinitions/templateDefinitionEndpoint]
INFO  info.magnolia.module.ModuleManagerImpl 10.04.2021 10:39:55 -- Starting module config
INFO  info.magnolia.module.ModuleManagerImpl 10.04.2021 10:39:55 -- Starting module cache
INFO  info.magnolia.module.ModuleManagerImpl 10.04.2021 10:39:55 -- Starting module content-types
INFO  info.magnolia.config.source.yaml.AbstractFileResourceConfigurationSource 10.04.2021 10:39:55 -- Setting up YamlConfigurationSource to load ContentTypeDefinition definitions from resources
INFO  info.magnolia.config.source.yaml.YamlConfigurationSource 10.04.2021 10:39:55 -- Registered definition from YAML file [/pages-app/contentTypes/page.yaml]: [contentType] definition [page] with reference id: [page] from module [pages-app] at [page]
INFO  info.magnolia.config.source.yaml.YamlConfigurationSource 10.04.2021 10:39:55 -- Registered definition from YAML file [/dam-app-jcr/contentTypes/asset.yaml]: [contentType] definition [asset] with reference id: [asset] from module [dam-app-jcr] at [asset]
INFO  info.magnolia.config.source.yaml.YamlConfigurationSource 10.04.2021 10:39:55 -- Registered definition from YAML file [/categorization/contentTypes/category.yaml]: [contentType] definition [category] with reference id: [category] from module [categorization] at [category]
INFO  info.magnolia.module.ModuleManagerImpl 10.04.2021 10:39:55 -- Starting module periscope-core
INFO  info.magnolia.config.source.yaml.AbstractFileResourceConfigurationSource 10.04.2021 10:39:55 -- Setting up YamlConfigurationSource to load SearchResultSupplierDefinition definitions from resources
INFO  info.magnolia.config.source.yaml.YamlConfigurationSource 10.04.2021 10:39:56 -- Registered definition from YAML file [/periscope-core/searchResultSuppliers/magnoliaDocumentation.yaml]: [searchResultSupplier] definition [magnoliaDocumentation] with reference id: [magnoliaDocumentation] from module [periscope-core] at [magnoliaDocumentation]
INFO  info.magnolia.config.source.yaml.YamlConfigurationSource 10.04.2021 10:39:56 -- Registered definition from YAML file [/ui-admincentral/searchResultSuppliers/configuration.yaml]: [searchResultSupplier] definition [configuration] with reference id: [configuration] from module [ui-admincentral] at [configuration]
INFO  info.magnolia.config.source.yaml.YamlConfigurationSource 10.04.2021 10:39:56 -- Registered definition from YAML file [/pages-app/searchResultSuppliers/pages-app.yaml]: [searchResultSupplier] definition [pages-app] with reference id: [pages-app] from module [pages-app] at [pages-app]
INFO  info.magnolia.config.source.yaml.YamlConfigurationSource 10.04.2021 10:39:56 -- Registered definition from YAML file [/admincentral/searchResultSuppliers/apps.yaml]: [searchResultSupplier] definition [apps] with reference id: [apps] from module [admincentral] at [apps]
INFO  info.magnolia.config.source.yaml.YamlConfigurationSource 10.04.2021 10:39:56 -- Registered definition from YAML file [/dam-app/searchResultSuppliers/assets.yaml]: [searchResultSupplier] definition [assets] with reference id: [assets] from module [dam-app] at [assets]
INFO  info.magnolia.config.source.yaml.YamlConfigurationSource 10.04.2021 10:39:56 -- Registered definition from YAML file [/dam-app-jcr/searchResultSuppliers/dam.yaml]: [searchResultSupplier] definition [dam] with reference id: [dam] from module [dam-app-jcr] at [dam]
INFO  info.magnolia.config.source.yaml.AbstractFileResourceConfigurationSource 10.04.2021 10:39:56 -- Setting up YamlConfigurationSource to load OperationDefinition definitions from resources
INFO  info.magnolia.config.source.yaml.YamlConfigurationSource 10.04.2021 10:39:57 -- Registered definition from YAML file [/admincentral/operations/appNavigation.yaml]: [operation] definition [appNavigation] with reference id: [appNavigation] from module [admincentral] at [appNavigation]
INFO  info.magnolia.config.source.yaml.YamlConfigurationSource 10.04.2021 10:39:57 -- Registered definition from YAML file [/admincentral/operations/contentNavigation.yaml]: [operation] definition [contentNavigation] with reference id: [contentNavigation] from module [admincentral] at [contentNavigation]
INFO  info.magnolia.config.source.yaml.YamlConfigurationSource 10.04.2021 10:39:57 -- Registered definition from YAML file [/admincentral/operations/externalNavigation.yaml]: [operation] definition [externalNavigation] with reference id: [externalNavigation] from module [admincentral] at [externalNavigation]
INFO  info.magnolia.config.source.yaml.YamlConfigurationSource 10.04.2021 10:39:57 -- Registered definition from YAML file [/admincentral/operations/internalNavigation.yaml]: [operation] definition [internalNavigation] with reference id: [internalNavigation] from module [admincentral] at [internalNavigation]
INFO  info.magnolia.config.source.yaml.YamlConfigurationSource 10.04.2021 10:39:57 -- Registered definition from YAML file [/admincentral/operations/nodeNavigation.yaml]: [operation] definition [nodeNavigation] with reference id: [nodeNavigation] from module [admincentral] at [nodeNavigation]
INFO  info.magnolia.config.source.yaml.AbstractFileResourceConfigurationSource 10.04.2021 10:39:57 -- Setting up YamlConfigurationSource to load QuerySnifferDefinition definitions from resources
INFO  info.magnolia.config.source.yaml.YamlConfigurationSource 10.04.2021 10:39:57 -- Registered definition from YAML file [/admincentral/querySniffers/findContent.yaml]: [querySniffer] definition [findContent] with reference id: [findContent] from module [admincentral] at [findContent]
INFO  info.magnolia.config.source.yaml.YamlConfigurationSource 10.04.2021 10:39:57 -- Registered definition from YAML file [/admincentral/querySniffers/findNode.yaml]: [querySniffer] definition [findNode] with reference id: [findNode] from module [admincentral] at [findNode]
INFO  info.magnolia.config.source.yaml.YamlConfigurationSource 10.04.2021 10:39:57 -- Registered definition from YAML file [/admincentral/querySniffers/openApp.yaml]: [querySniffer] definition [openApp] with reference id: [openApp] from module [admincentral] at [openApp]
INFO  info.magnolia.module.ModuleManagerImpl 10.04.2021 10:39:57 -- Starting module rendering
INFO  info.magnolia.config.source.yaml.AbstractFileResourceConfigurationSource 10.04.2021 10:39:58 -- Setting up YamlConfigurationSource to load Renderer definitions from resources
INFO  info.magnolia.config.source.yaml.YamlConfigurationSource 10.04.2021 10:39:58 -- Registered definition from YAML file [/spa-rendering/renderers/spa.yaml]: [renderer] definition [spa] with reference id: [spa] from module [spa-rendering] at [spa]
INFO  info.magnolia.config.source.yaml.AbstractFileResourceConfigurationSource 10.04.2021 10:39:59 -- Setting up YamlConfigurationSource to load TemplateDefinition definitions from resources
INFO  info.magnolia.config.source.yaml.YamlConfigurationSource 10.04.2021 10:39:59 -- Registered definition from YAML file [/training-templating-foundation/templates/components/textImage.yaml]: [template] definition [textImage] with reference id: [training-templating-foundation:components/textImage] from module [training-templating-foundation] at [components/textImage]
INFO  info.magnolia.config.source.yaml.YamlConfigurationSource 10.04.2021 10:39:59 -- Registered definition from YAML file [/training-templating-foundation/templates/pages/first.yaml]: [template] definition [first] with reference id: [training-templating-foundation:pages/first] from module [training-templating-foundation] at [pages/first]
INFO  info.magnolia.config.source.yaml.YamlConfigurationSource 10.04.2021 10:39:59 -- Registered definition from YAML file [/btk/templates/components/accordion/accordion.yaml]: [template] definition [accordion] with reference id: [btk:components/accordion/accordion] from module [btk] at [components/accordion/accordion]
INFO  info.magnolia.config.source.yaml.YamlConfigurationSource 10.04.2021 10:39:59 -- Registered definition from YAML file [/btk/templates/components/accordion/item.yaml]: [template] definition [item] with reference id: [btk:components/accordion/item] from module [btk] at [components/accordion/item]
INFO  info.magnolia.config.source.yaml.YamlConfigurationSource 10.04.2021 10:39:59 -- Registered definition from YAML file [/btk/templates/components/button/button.yaml]: [template] definition [button] with reference id: [btk:components/button/button] from module [btk] at [components/button/button]
INFO  info.magnolia.config.source.yaml.YamlConfigurationSource 10.04.2021 10:39:59 -- Registered definition from YAML file [/btk/templates/components/card/card.yaml]: [template] definition [card] with reference id: [btk:components/card/card] from module [btk] at [components/card/card]
INFO  info.magnolia.config.source.yaml.YamlConfigurationSource 10.04.2021 10:39:59 -- Registered definition from YAML file [/btk/templates/components/carousel/carousel.yaml]: [template] definition [carousel] with reference id: [btk:components/carousel/carousel] from module [btk] at [components/carousel/carousel]
INFO  info.magnolia.config.source.yaml.YamlConfigurationSource 10.04.2021 10:39:59 -- Registered definition from YAML file [/btk/templates/components/carousel/item.yaml]: [template] definition [item] with reference id: [btk:components/carousel/item] from module [btk] at [components/carousel/item]
INFO  info.magnolia.config.source.yaml.YamlConfigurationSource 10.04.2021 10:39:59 -- Registered definition from YAML file [/btk/templates/components/divider/divider.yaml]: [template] definition [divider] with reference id: [btk:components/divider/divider] from module [btk] at [components/divider/divider]
INFO  info.magnolia.config.source.yaml.YamlConfigurationSource 10.04.2021 10:39:59 -- Registered definition from YAML file [/btk/templates/components/heading/heading.yaml]: [template] definition [heading] with reference id: [btk:components/heading/heading] from module [btk] at [components/heading/heading]
INFO  info.magnolia.config.source.yaml.YamlConfigurationSource 10.04.2021 10:39:59 -- Registered definition from YAML file [/btk/templates/components/image/image.yaml]: [template] definition [image] with reference id: [btk:components/image/image] from module [btk] at [components/image/image]
INFO  info.magnolia.config.source.yaml.YamlConfigurationSource 10.04.2021 10:39:59 -- Registered definition from YAML file [/btk/templates/components/jumbotron/jumbotron.yaml]: [template] definition [jumbotron] with reference id: [btk:components/jumbotron/jumbotron] from module [btk] at [components/jumbotron/jumbotron]
INFO  info.magnolia.config.source.yaml.YamlConfigurationSource 10.04.2021 10:39:59 -- Registered definition from YAML file [/btk/templates/components/modal/modal.yaml]: [template] definition [modal] with reference id: [btk:components/modal/modal] from module [btk] at [components/modal/modal]
INFO  info.magnolia.config.source.yaml.YamlConfigurationSource 10.04.2021 10:39:59 -- Registered definition from YAML file [/btk/templates/components/row/row.yaml]: [template] definition [row] with reference id: [btk:components/row/row] from module [btk] at [components/row/row]
INFO  info.magnolia.config.source.yaml.YamlConfigurationSource 10.04.2021 10:39:59 -- Registered definition from YAML file [/btk/templates/components/search/search.yaml]: [template] definition [search] with reference id: [btk:components/search/search] from module [btk] at [components/search/search]
INFO  info.magnolia.config.source.yaml.YamlConfigurationSource 10.04.2021 10:39:59 -- Registered definition from YAML file [/btk/templates/components/text/text.yaml]: [template] definition [text] with reference id: [btk:components/text/text] from module [btk] at [components/text/text]
INFO  info.magnolia.config.source.yaml.YamlConfigurationSource 10.04.2021 10:39:59 -- Registered definition from YAML file [/btk/templates/pages/home.yaml]: [template] definition [home] with reference id: [btk:pages/home] from module [btk] at [pages/home]
INFO  info.magnolia.config.source.yaml.YamlConfigurationSource 10.04.2021 10:39:59 -- Registered definition from YAML file [/btk/templates/pages/page.yaml]: [template] definition [page] with reference id: [btk:pages/page] from module [btk] at [pages/page]
INFO  info.magnolia.config.source.yaml.YamlConfigurationSource 10.04.2021 10:39:59 -- Registered definition from YAML file [/btk/templates/pages/search.yaml]: [template] definition [search] with reference id: [btk:pages/search] from module [btk] at [pages/search]
INFO  info.magnolia.config.source.yaml.YamlConfigurationSource 10.04.2021 10:39:59 -- Registered definition from YAML file [/mbt/templates/components/content/accordion.yaml]: [template] definition [accordion] with reference id: [mbt:components/content/accordion] from module [mbt] at [components/content/accordion]
INFO  info.magnolia.config.source.yaml.YamlConfigurationSource 10.04.2021 10:39:59 -- Registered definition from YAML file [/mbt/templates/components/content/accordionGroup.yaml]: [template] definition [accordionGroup] with reference id: [mbt:components/content/accordionGroup] from module [mbt] at [components/content/accordionGroup]
INFO  info.magnolia.config.source.yaml.YamlConfigurationSource 10.04.2021 10:39:59 -- Registered definition from YAML file [/mbt/templates/components/content/alert.yaml]: [template] definition [alert] with reference id: [mbt:components/content/alert] from module [mbt] at [components/content/alert]
INFO  info.magnolia.config.source.yaml.YamlConfigurationSource 10.04.2021 10:39:59 -- Registered definition from YAML file [/mbt/templates/components/content/button.yaml]: [template] definition [button] with reference id: [mbt:components/content/button] from module [mbt] at [components/content/button]
INFO  info.magnolia.config.source.yaml.YamlConfigurationSource 10.04.2021 10:39:59 -- Registered definition from YAML file [/mbt/templates/components/content/card.yaml]: [template] definition [card] with reference id: [mbt:components/content/card] from module [mbt] at [components/content/card]
INFO  info.magnolia.config.source.yaml.YamlConfigurationSource 10.04.2021 10:39:59 -- Registered definition from YAML file [/mbt/templates/components/content/cardWithHeaderAndFooter.yaml]: [template] definition [cardWithHeaderAndFooter] with reference id: [mbt:components/content/cardWithHeaderAndFooter] from module [mbt] at [components/content/cardWithHeaderAndFooter]
INFO  info.magnolia.config.source.yaml.YamlConfigurationSource 10.04.2021 10:39:59 -- Registered definition from YAML file [/mbt/templates/components/content/carousel.yaml]: [template] definition [carousel] with reference id: [mbt:components/content/carousel] from module [mbt] at [components/content/carousel]
INFO  info.magnolia.config.source.yaml.YamlConfigurationSource 10.04.2021 10:39:59 -- Registered definition from YAML file [/mbt/templates/components/content/heading.yaml]: [template] definition [heading] with reference id: [mbt:components/content/heading] from module [mbt] at [components/content/heading]
INFO  info.magnolia.config.source.yaml.YamlConfigurationSource 10.04.2021 10:39:59 -- Registered definition from YAML file [/mbt/templates/components/content/jumbotron.yaml]: [template] definition [jumbotron] with reference id: [mbt:components/content/jumbotron] from module [mbt] at [components/content/jumbotron]
INFO  info.magnolia.config.source.yaml.YamlConfigurationSource 10.04.2021 10:39:59 -- Registered definition from YAML file [/mbt/templates/components/content/link.yaml]: [template] definition [link] with reference id: [mbt:components/content/link] from module [mbt] at [components/content/link]
INFO  info.magnolia.config.source.yaml.YamlConfigurationSource 10.04.2021 10:39:59 -- Registered definition from YAML file [/mbt/templates/components/content/linkGroup.yaml]: [template] definition [linkGroup] with reference id: [mbt:components/content/linkGroup] from module [mbt] at [components/content/linkGroup]
INFO  info.magnolia.config.source.yaml.YamlConfigurationSource 10.04.2021 10:39:59 -- Registered definition from YAML file [/mbt/templates/components/content/slide.yaml]: [template] definition [slide] with reference id: [mbt:components/content/slide] from module [mbt] at [components/content/slide]
INFO  info.magnolia.config.source.yaml.YamlConfigurationSource 10.04.2021 10:39:59 -- Registered definition from YAML file [/mbt/templates/components/grid/gridLayout.yaml]: [template] definition [gridLayout] with reference id: [mbt:components/grid/gridLayout] from module [mbt] at [components/grid/gridLayout]
INFO  info.magnolia.config.source.yaml.YamlConfigurationSource 10.04.2021 10:39:59 -- Registered definition from YAML file [/mbt/templates/components/tabs/tabsContainer.yaml]: [template] definition [tabsContainer] with reference id: [mbt:components/tabs/tabsContainer] from module [mbt] at [components/tabs/tabsContainer]
INFO  info.magnolia.config.source.yaml.YamlConfigurationSource 10.04.2021 10:39:59 -- Registered definition from YAML file [/mbt/templates/pages/areas/footer.yaml]: [template] definition [footer] with reference id: [mbt:pages/areas/footer] from module [mbt] at [pages/areas/footer]
INFO  info.magnolia.config.source.yaml.YamlConfigurationSource 10.04.2021 10:39:59 -- Registered definition from YAML file [/mbt/templates/pages/home.yaml]: [template] definition [home] with reference id: [mbt:pages/home] from module [mbt] at [pages/home]
WARN  info.magnolia.config.source.yaml.YamlConfigurationSource 10.04.2021 10:39:59 -- 0 major and 1 minor problems have been encountered
INFO  info.magnolia.config.source.yaml.YamlConfigurationSource 10.04.2021 10:39:59 -- Registered definition from YAML file [/mbt/templates/pages/standard.yaml]: [template] definition [standard] with reference id: [mbt:pages/standard] from module [mbt] at [pages/standard]
INFO  info.magnolia.config.source.yaml.YamlConfigurationSource 10.04.2021 10:39:59 -- Registered definition from YAML file [/mtk/templates/components/html.yaml]: [template] definition [html] with reference id: [mtk:components/html] from module [mtk] at [components/html]
INFO  info.magnolia.config.source.yaml.YamlConfigurationSource 10.04.2021 10:39:59 -- Registered definition from YAML file [/mtk/templates/components/image.yaml]: [template] definition [image] with reference id: [mtk:components/image] from module [mtk] at [components/image]
INFO  info.magnolia.config.source.yaml.YamlConfigurationSource 10.04.2021 10:39:59 -- Registered definition from YAML file [/mtk/templates/components/link.yaml]: [template] definition [link] with reference id: [mtk:components/link] from module [mtk] at [components/link]
INFO  info.magnolia.config.source.yaml.YamlConfigurationSource 10.04.2021 10:39:59 -- Registered definition from YAML file [/mtk/templates/components/linkList.yaml]: [template] definition [linkList] with reference id: [mtk:components/linkList] from module [mtk] at [components/linkList]
INFO  info.magnolia.config.source.yaml.YamlConfigurationSource 10.04.2021 10:39:59 -- Registered definition from YAML file [/mtk/templates/components/pageIntro.yaml]: [template] definition [pageIntro] with reference id: [mtk:components/pageIntro] from module [mtk] at [components/pageIntro]
INFO  info.magnolia.config.source.yaml.YamlConfigurationSource 10.04.2021 10:39:59 -- Registered definition from YAML file [/mtk/templates/components/teaser.yaml]: [template] definition [teaser] with reference id: [mtk:components/teaser] from module [mtk] at [components/teaser]
INFO  info.magnolia.config.source.yaml.YamlConfigurationSource 10.04.2021 10:39:59 -- Registered definition from YAML file [/mtk/templates/components/textImage.yaml]: [template] definition [textImage] with reference id: [mtk:components/textImage] from module [mtk] at [components/textImage]
INFO  info.magnolia.config.source.yaml.YamlConfigurationSource 10.04.2021 10:39:59 -- Registered definition from YAML file [/mtk/templates/components/video.yaml]: [template] definition [video] with reference id: [mtk:components/video] from module [mtk] at [components/video]
INFO  info.magnolia.config.source.yaml.YamlConfigurationSource 10.04.2021 10:39:59 -- Registered definition from YAML file [/mtk/templates/pages/basic.yaml]: [template] definition [basic] with reference id: [mtk:pages/basic] from module [mtk] at [pages/basic]
INFO  info.magnolia.config.source.yaml.YamlConfigurationSource 10.04.2021 10:39:59 -- Registered definition from YAML file [/mtk/templates/pages/redirect.yaml]: [template] definition [redirect] with reference id: [mtk:pages/redirect] from module [mtk] at [pages/redirect]
INFO  info.magnolia.module.ModuleManagerImpl 10.04.2021 10:39:59 -- Starting module ui-framework-core
INFO  info.magnolia.module.ModuleManagerImpl 10.04.2021 10:39:59 -- Starting module virtual-uri
INFO  info.magnolia.config.source.yaml.AbstractFileResourceConfigurationSource 10.04.2021 10:40:00 -- Setting up YamlConfigurationSource to load VirtualUriMapping definitions from resources
INFO  info.magnolia.module.ModuleManagerImpl 10.04.2021 10:40:00 -- Starting module imaging
INFO  info.magnolia.module.ModuleManagerImpl 10.04.2021 10:40:00 -- Starting module ui-framework
INFO  info.magnolia.config.source.yaml.AbstractFileResourceConfigurationSource 10.04.2021 10:40:00 -- Setting up YamlConfigurationSource to load FieldTypeDefinition definitions from resources
INFO  info.magnolia.config.source.yaml.YamlConfigurationSource 10.04.2021 10:40:01 -- Registered definition from YAML file [/ui-framework/fieldTypes/basicUpload.yaml]: [fieldType] definition [basicUpload] with reference id: [basicUpload] from module [ui-framework] at [basicUpload]
INFO  info.magnolia.config.source.yaml.YamlConfigurationSource 10.04.2021 10:40:01 -- Registered definition from YAML file [/ui-framework/fieldTypes/checkbox.yaml]: [fieldType] definition [checkbox] with reference id: [checkbox] from module [ui-framework] at [checkbox]
INFO  info.magnolia.config.source.yaml.YamlConfigurationSource 10.04.2021 10:40:01 -- Registered definition from YAML file [/ui-framework/fieldTypes/code.yaml]: [fieldType] definition [code] with reference id: [code] from module [ui-framework] at [code]
INFO  info.magnolia.config.source.yaml.YamlConfigurationSource 10.04.2021 10:40:01 -- Registered definition from YAML file [/ui-framework/fieldTypes/composite.yaml]: [fieldType] definition [composite] with reference id: [composite] from module [ui-framework] at [composite]
INFO  info.magnolia.config.source.yaml.YamlConfigurationSource 10.04.2021 10:40:01 -- Registered definition from YAML file [/ui-framework/fieldTypes/date.yaml]: [fieldType] definition [date] with reference id: [date] from module [ui-framework] at [date]
INFO  info.magnolia.config.source.yaml.YamlConfigurationSource 10.04.2021 10:40:01 -- Registered definition from YAML file [/ui-framework/fieldTypes/hidden.yaml]: [fieldType] definition [hidden] with reference id: [hidden] from module [ui-framework] at [hidden]
INFO  info.magnolia.config.source.yaml.YamlConfigurationSource 10.04.2021 10:40:01 -- Registered definition from YAML file [/ui-framework/fieldTypes/link.yaml]: [fieldType] definition [link] with reference id: [link] from module [ui-framework] at [link]
INFO  info.magnolia.config.source.yaml.YamlConfigurationSource 10.04.2021 10:40:01 -- Registered definition from YAML file [/ui-framework/fieldTypes/linkFieldSelection.yaml]: [fieldType] definition [linkFieldSelection] with reference id: [linkFieldSelection] from module [ui-framework] at [linkFieldSelection]
INFO  info.magnolia.config.source.yaml.YamlConfigurationSource 10.04.2021 10:40:01 -- Registered definition from YAML file [/ui-framework/fieldTypes/multiValue.yaml]: [fieldType] definition [multiValue] with reference id: [multiValue] from module [ui-framework] at [multiValue]
INFO  info.magnolia.config.source.yaml.YamlConfigurationSource 10.04.2021 10:40:01 -- Registered definition from YAML file [/ui-framework/fieldTypes/nodeTypeSelect.yaml]: [fieldType] definition [nodeTypeSelect] with reference id: [nodeTypeSelect] from module [ui-framework] at [nodeTypeSelect]
INFO  info.magnolia.config.source.yaml.YamlConfigurationSource 10.04.2021 10:40:01 -- Registered definition from YAML file [/ui-framework/fieldTypes/optionGroup.yaml]: [fieldType] definition [optionGroup] with reference id: [optionGroup] from module [ui-framework] at [optionGroup]
INFO  info.magnolia.config.source.yaml.YamlConfigurationSource 10.04.2021 10:40:01 -- Registered definition from YAML file [/ui-framework/fieldTypes/password.yaml]: [fieldType] definition [password] with reference id: [password] from module [ui-framework] at [password]
INFO  info.magnolia.config.source.yaml.YamlConfigurationSource 10.04.2021 10:40:01 -- Registered definition from YAML file [/ui-framework/fieldTypes/richText.yaml]: [fieldType] definition [richText] with reference id: [richText] from module [ui-framework] at [richText]
INFO  info.magnolia.config.source.yaml.YamlConfigurationSource 10.04.2021 10:40:01 -- Registered definition from YAML file [/ui-framework/fieldTypes/select.yaml]: [fieldType] definition [select] with reference id: [select] from module [ui-framework] at [select]
INFO  info.magnolia.config.source.yaml.YamlConfigurationSource 10.04.2021 10:40:01 -- Registered definition from YAML file [/ui-framework/fieldTypes/static.yaml]: [fieldType] definition [static] with reference id: [static] from module [ui-framework] at [static]
INFO  info.magnolia.config.source.yaml.YamlConfigurationSource 10.04.2021 10:40:01 -- Registered definition from YAML file [/ui-framework/fieldTypes/switchable.yaml]: [fieldType] definition [switchable] with reference id: [switchable] from module [ui-framework] at [switchable]
INFO  info.magnolia.config.source.yaml.YamlConfigurationSource 10.04.2021 10:40:01 -- Registered definition from YAML file [/ui-framework/fieldTypes/text.yaml]: [fieldType] definition [text] with reference id: [text] from module [ui-framework] at [text]
INFO  info.magnolia.config.source.yaml.YamlConfigurationSource 10.04.2021 10:40:01 -- Registered definition from YAML file [/ui-framework/fieldTypes/twinColSelect.yaml]: [fieldType] definition [twinColSelect] with reference id: [twinColSelect] from module [ui-framework] at [twinColSelect]
INFO  info.magnolia.config.source.yaml.YamlConfigurationSource 10.04.2021 10:40:01 -- Registered definition from YAML file [/ui-framework/fieldTypes/workbench.yaml]: [fieldType] definition [workbench] with reference id: [workbench] from module [ui-framework] at [workbench]
INFO  info.magnolia.config.source.yaml.YamlConfigurationSource 10.04.2021 10:40:01 -- Registered definition from YAML file [/ui-admincentral/fieldTypes/timeZone.yaml]: [fieldType] definition [timeZone] with reference id: [timeZone] from module [ui-admincentral] at [timeZone]
INFO  info.magnolia.config.source.yaml.YamlConfigurationSource 10.04.2021 10:40:01 -- Registered definition from YAML file [/dam-app/fieldTypes/damUpload.yaml]: [fieldType] definition [damUpload] with reference id: [damUpload] from module [dam-app] at [damUpload]
INFO  info.magnolia.config.source.yaml.YamlConfigurationSource 10.04.2021 10:40:01 -- Registered definition from YAML file [/dam-app/fieldTypes/damWorkbench.yaml]: [fieldType] definition [damWorkbench] with reference id: [damWorkbench] from module [dam-app] at [damWorkbench]
INFO  info.magnolia.config.source.yaml.AbstractFileResourceConfigurationSource 10.04.2021 10:40:01 -- File based definition decorator resolved from [/dam-app/decorations/ui-framework/fieldTypes/richText.yaml] and will be added to [fieldTypes] registry
INFO  info.magnolia.config.source.yaml.AbstractFileResourceConfigurationSource 10.04.2021 10:40:03 -- Setting up YamlConfigurationSource to load DialogDefinition definitions from resources
INFO  info.magnolia.config.source.yaml.YamlConfigurationSource 10.04.2021 10:40:03 -- Registered definition from YAML file [/training-templating-foundation/dialogs/components/textImage.yaml]: [dialog] definition [textImage] with reference id: [training-templating-foundation:components/textImage] from module [training-templating-foundation] at [components/textImage]
INFO  info.magnolia.config.source.yaml.YamlConfigurationSource 10.04.2021 10:40:03 -- Registered definition from YAML file [/training-templating-foundation/dialogs/pages/first.yaml]: [dialog] definition [first] with reference id: [training-templating-foundation:pages/first] from module [training-templating-foundation] at [pages/first]
INFO  info.magnolia.config.source.yaml.YamlConfigurationSource 10.04.2021 10:40:03 -- Registered definition from YAML file [/btk/dialogs/components/accordion/accordion.yaml]: [dialog] definition [accordion] with reference id: [btk:components/accordion/accordion] from module [btk] at [components/accordion/accordion]
INFO  info.magnolia.config.source.yaml.decoration.YamlDefinitionDecorator 10.04.2021 10:40:04 -- Applied YAML file based decorator from [/dam-app/decorations/ui-framework/fieldTypes/richText.yaml] to definition provider [[fieldType] definition [richText] with reference id: [richText] from module [ui-framework] at [richText]]
INFO  info.magnolia.config.source.yaml.YamlConfigurationSource 10.04.2021 10:40:05 -- Registered definition from YAML file [/btk/dialogs/components/accordion/item.yaml]: [dialog] definition [item] with reference id: [btk:components/accordion/item] from module [btk] at [components/accordion/item]
INFO  info.magnolia.config.source.yaml.YamlConfigurationSource 10.04.2021 10:40:05 -- Registered definition from YAML file [/btk/dialogs/components/button.yaml]: [dialog] definition [button] with reference id: [btk:components/button] from module [btk] at [components/button]
INFO  info.magnolia.config.source.yaml.YamlConfigurationSource 10.04.2021 10:40:05 -- Registered definition from YAML file [/btk/dialogs/components/card.yaml]: [dialog] definition [card] with reference id: [btk:components/card] from module [btk] at [components/card]
INFO  info.magnolia.config.source.yaml.YamlConfigurationSource 10.04.2021 10:40:06 -- Registered definition from YAML file [/btk/dialogs/components/carousel/item.yaml]: [dialog] definition [item] with reference id: [btk:components/carousel/item] from module [btk] at [components/carousel/item]
INFO  info.magnolia.config.source.yaml.YamlConfigurationSource 10.04.2021 10:40:06 -- Registered definition from YAML file [/btk/dialogs/components/heading.yaml]: [dialog] definition [heading] with reference id: [btk:components/heading] from module [btk] at [components/heading]
INFO  info.magnolia.config.source.yaml.YamlConfigurationSource 10.04.2021 10:40:06 -- Registered definition from YAML file [/btk/dialogs/components/image.yaml]: [dialog] definition [image] with reference id: [btk:components/image] from module [btk] at [components/image]
INFO  info.magnolia.config.source.yaml.YamlConfigurationSource 10.04.2021 10:40:06 -- Registered definition from YAML file [/btk/dialogs/components/jumbotron.yaml]: [dialog] definition [jumbotron] with reference id: [btk:components/jumbotron] from module [btk] at [components/jumbotron]
INFO  info.magnolia.config.source.yaml.YamlConfigurationSource 10.04.2021 10:40:06 -- Registered definition from YAML file [/btk/dialogs/components/modal.yaml]: [dialog] definition [modal] with reference id: [btk:components/modal] from module [btk] at [components/modal]
INFO  info.magnolia.config.source.yaml.YamlConfigurationSource 10.04.2021 10:40:06 -- Registered definition from YAML file [/btk/dialogs/components/row.yaml]: [dialog] definition [row] with reference id: [btk:components/row] from module [btk] at [components/row]
INFO  info.magnolia.config.source.yaml.YamlConfigurationSource 10.04.2021 10:40:06 -- Registered definition from YAML file [/btk/dialogs/components/text.yaml]: [dialog] definition [text] with reference id: [btk:components/text] from module [btk] at [components/text]
INFO  info.magnolia.config.source.yaml.YamlConfigurationSource 10.04.2021 10:40:06 -- Registered definition from YAML file [/btk/dialogs/pages/index.yaml]: [dialog] definition [index] with reference id: [btk:pages/index] from module [btk] at [pages/index]
INFO  info.magnolia.config.source.yaml.YamlConfigurationSource 10.04.2021 10:40:06 -- Registered definition from YAML file [/mbt/dialogs/components/content/accordion.yaml]: [dialog] definition [accordion] with reference id: [mbt:components/content/accordion] from module [mbt] at [components/content/accordion]
INFO  info.magnolia.config.source.yaml.YamlConfigurationSource 10.04.2021 10:40:06 -- Registered definition from YAML file [/mbt/dialogs/components/content/alert.yaml]: [dialog] definition [alert] with reference id: [mbt:components/content/alert] from module [mbt] at [components/content/alert]
INFO  info.magnolia.config.source.yaml.YamlConfigurationSource 10.04.2021 10:40:06 -- Registered definition from YAML file [/mbt/dialogs/components/content/button.yaml]: [dialog] definition [button] with reference id: [mbt:components/content/button] from module [mbt] at [components/content/button]
INFO  info.magnolia.config.source.yaml.YamlConfigurationSource 10.04.2021 10:40:06 -- Registered definition from YAML file [/mbt/dialogs/components/content/card.yaml]: [dialog] definition [card] with reference id: [mbt:components/content/card] from module [mbt] at [components/content/card]
INFO  info.magnolia.config.source.yaml.YamlConfigurationSource 10.04.2021 10:40:06 -- Registered definition from YAML file [/mbt/dialogs/components/content/cardWithHeaderAndFooter.yaml]: [dialog] definition [cardWithHeaderAndFooter] with reference id: [mbt:components/content/cardWithHeaderAndFooter] from module [mbt] at [components/content/cardWithHeaderAndFooter]
INFO  info.magnolia.config.source.yaml.YamlConfigurationSource 10.04.2021 10:40:06 -- Registered definition from YAML file [/mbt/dialogs/components/content/carousel.yaml]: [dialog] definition [carousel] with reference id: [mbt:components/content/carousel] from module [mbt] at [components/content/carousel]
INFO  info.magnolia.config.source.yaml.YamlConfigurationSource 10.04.2021 10:40:06 -- Registered definition from YAML file [/mbt/dialogs/components/content/genericSectionGroup.yaml]: [dialog] definition [genericSectionGroup] with reference id: [mbt:components/content/genericSectionGroup] from module [mbt] at [components/content/genericSectionGroup]
INFO  info.magnolia.config.source.yaml.YamlConfigurationSource 10.04.2021 10:40:06 -- Registered definition from YAML file [/mbt/dialogs/components/content/heading.yaml]: [dialog] definition [heading] with reference id: [mbt:components/content/heading] from module [mbt] at [components/content/heading]
INFO  info.magnolia.config.source.yaml.YamlConfigurationSource 10.04.2021 10:40:06 -- Registered definition from YAML file [/mbt/dialogs/components/content/jumbotron.yaml]: [dialog] definition [jumbotron] with reference id: [mbt:components/content/jumbotron] from module [mbt] at [components/content/jumbotron]
INFO  info.magnolia.config.source.yaml.YamlConfigurationSource 10.04.2021 10:40:06 -- Registered definition from YAML file [/mbt/dialogs/components/content/link.yaml]: [dialog] definition [link] with reference id: [mbt:components/content/link] from module [mbt] at [components/content/link]
INFO  info.magnolia.config.source.yaml.YamlConfigurationSource 10.04.2021 10:40:07 -- Registered definition from YAML file [/mbt/dialogs/components/content/slide.yaml]: [dialog] definition [slide] with reference id: [mbt:components/content/slide] from module [mbt] at [components/content/slide]
INFO  info.magnolia.config.source.yaml.YamlConfigurationSource 10.04.2021 10:40:07 -- Registered definition from YAML file [/mbt/dialogs/components/content/title.yaml]: [dialog] definition [title] with reference id: [mbt:components/content/title] from module [mbt] at [components/content/title]
INFO  info.magnolia.config.source.yaml.YamlConfigurationSource 10.04.2021 10:40:07 -- Registered definition from YAML file [/mbt/dialogs/components/grid/column.yaml]: [dialog] definition [column] with reference id: [mbt:components/grid/column] from module [mbt] at [components/grid/column]
INFO  info.magnolia.config.source.yaml.YamlConfigurationSource 10.04.2021 10:40:07 -- Registered definition from YAML file [/mbt/dialogs/components/grid/gridLayout.yaml]: [dialog] definition [gridLayout] with reference id: [mbt:components/grid/gridLayout] from module [mbt] at [components/grid/gridLayout]
INFO  info.magnolia.config.source.yaml.YamlConfigurationSource 10.04.2021 10:40:07 -- Registered definition from YAML file [/mbt/dialogs/components/tabs/singleTab.yaml]: [dialog] definition [singleTab] with reference id: [mbt:components/tabs/singleTab] from module [mbt] at [components/tabs/singleTab]
INFO  info.magnolia.config.source.yaml.YamlConfigurationSource 10.04.2021 10:40:07 -- Registered definition from YAML file [/mbt/dialogs/components/tabs/tabsContainer.yaml]: [dialog] definition [tabsContainer] with reference id: [mbt:components/tabs/tabsContainer] from module [mbt] at [components/tabs/tabsContainer]
INFO  info.magnolia.config.source.yaml.YamlConfigurationSource 10.04.2021 10:40:07 -- Registered definition from YAML file [/mbt/dialogs/pages/areas/breadcrumbs.yaml]: [dialog] definition [breadcrumbs] with reference id: [mbt:pages/areas/breadcrumbs] from module [mbt] at [pages/areas/breadcrumbs]
INFO  info.magnolia.config.source.yaml.YamlConfigurationSource 10.04.2021 10:40:07 -- Registered definition from YAML file [/mbt/dialogs/pages/areas/footer.yaml]: [dialog] definition [footer] with reference id: [mbt:pages/areas/footer] from module [mbt] at [pages/areas/footer]
INFO  info.magnolia.config.source.yaml.YamlConfigurationSource 10.04.2021 10:40:07 -- Registered definition from YAML file [/mbt/dialogs/pages/areas/navigation.yaml]: [dialog] definition [navigation] with reference id: [mbt:pages/areas/navigation] from module [mbt] at [pages/areas/navigation]
INFO  info.magnolia.config.source.yaml.YamlConfigurationSource 10.04.2021 10:40:07 -- Registered definition from YAML file [/mbt/dialogs/pages/home.yaml]: [dialog] definition [home] with reference id: [mbt:pages/home] from module [mbt] at [pages/home]
INFO  info.magnolia.config.source.yaml.YamlConfigurationSource 10.04.2021 10:40:07 -- Registered definition from YAML file [/ui-framework-jcr/dialogs/chooser.yaml]: [dialog] definition [chooser] with reference id: [ui-framework-jcr:chooser] from module [ui-framework-jcr] at [chooser]
INFO  info.magnolia.config.source.yaml.YamlConfigurationSource 10.04.2021 10:40:07 -- Registered definition from YAML file [/ui-framework-jcr/dialogs/import.yaml]: [dialog] definition [import] with reference id: [ui-framework-jcr:import] from module [ui-framework-jcr] at [import]
INFO  info.magnolia.config.source.yaml.YamlConfigurationSource 10.04.2021 10:40:07 -- Registered definition from YAML file [/ui-framework-jcr/dialogs/move.yaml]: [dialog] definition [move] with reference id: [ui-framework-jcr:move] from module [ui-framework-jcr] at [move]
INFO  info.magnolia.config.source.yaml.YamlConfigurationSource 10.04.2021 10:40:07 -- Registered definition from YAML file [/ui-framework-jcr/dialogs/rename.yaml]: [dialog] definition [rename] with reference id: [ui-framework-jcr:rename] from module [ui-framework-jcr] at [rename]
INFO  info.magnolia.config.source.yaml.YamlConfigurationSource 10.04.2021 10:40:07 -- Registered definition from YAML file [/ui-framework-jcr/dialogs/restoreVersion.yaml]: [dialog] definition [restoreVersion] with reference id: [ui-framework-jcr:restoreVersion] from module [ui-framework-jcr] at [restoreVersion]
INFO  info.magnolia.config.source.yaml.YamlConfigurationSource 10.04.2021 10:40:07 -- Registered definition from YAML file [/ui-framework-jcr/dialogs/versions.yaml]: [dialog] definition [versions] with reference id: [ui-framework-jcr:versions] from module [ui-framework-jcr] at [versions]
INFO  info.magnolia.config.source.yaml.YamlConfigurationSource 10.04.2021 10:40:07 -- Registered definition from YAML file [/jcr-browser/dialogs/addNode.yaml]: [dialog] definition [addNode] with reference id: [jcr-browser:addNode] from module [jcr-browser] at [addNode]
INFO  info.magnolia.config.source.yaml.YamlConfigurationSource 10.04.2021 10:40:07 -- Registered definition from YAML file [/jcr-browser/dialogs/editProperty.yaml]: [dialog] definition [editProperty] with reference id: [jcr-browser:editProperty] from module [jcr-browser] at [editProperty]
INFO  info.magnolia.config.source.yaml.YamlConfigurationSource 10.04.2021 10:40:07 -- Registered definition from YAML file [/jcr-browser/dialogs/rename.yaml]: [dialog] definition [rename] with reference id: [jcr-browser:rename] from module [jcr-browser] at [rename]
INFO  info.magnolia.config.source.yaml.YamlConfigurationSource 10.04.2021 10:40:07 -- Registered definition from YAML file [/pages-app/dialogs/changePageTemplate.yaml]: [dialog] definition [changePageTemplate] with reference id: [pages-app:changePageTemplate] from module [pages-app] at [changePageTemplate]
INFO  info.magnolia.config.source.yaml.YamlConfigurationSource 10.04.2021 10:40:08 -- Registered definition from YAML file [/pages-app/dialogs/componentTemplate.yaml]: [dialog] definition [componentTemplate] with reference id: [pages-app:componentTemplate] from module [pages-app] at [componentTemplate]
INFO  info.magnolia.config.source.yaml.YamlConfigurationSource 10.04.2021 10:40:08 -- Registered definition from YAML file [/pages-app/dialogs/createPage.yaml]: [dialog] definition [createPage] with reference id: [pages-app:createPage] from module [pages-app] at [createPage]
INFO  info.magnolia.config.source.yaml.YamlConfigurationSource 10.04.2021 10:40:08 -- Registered definition from YAML file [/pages-app/dialogs/newComponent.yaml]: [dialog] definition [newComponent] with reference id: [pages-app:newComponent] from module [pages-app] at [newComponent]
INFO  info.magnolia.config.source.yaml.YamlConfigurationSource 10.04.2021 10:40:08 -- Registered definition from YAML file [/pages-app/dialogs/renamePage.yaml]: [dialog] definition [renamePage] with reference id: [pages-app:renamePage] from module [pages-app] at [renamePage]
INFO  info.magnolia.config.source.yaml.YamlConfigurationSource 10.04.2021 10:40:08 -- Registered definition from YAML file [/pages-app/dialogs/versions.yaml]: [dialog] definition [versions] with reference id: [pages-app:versions] from module [pages-app] at [versions]
INFO  info.magnolia.config.source.yaml.YamlConfigurationSource 10.04.2021 10:40:08 -- Registered definition from YAML file [/resources-app/dialogs/addFile.yaml]: [dialog] definition [addFile] with reference id: [resources-app:addFile] from module [resources-app] at [addFile]
INFO  info.magnolia.config.source.yaml.YamlConfigurationSource 10.04.2021 10:40:08 -- Registered definition from YAML file [/resources-app/dialogs/addFolder.yaml]: [dialog] definition [addFolder] with reference id: [resources-app:addFolder] from module [resources-app] at [addFolder]
INFO  info.magnolia.config.source.yaml.YamlConfigurationSource 10.04.2021 10:40:08 -- Registered definition from YAML file [/resources-app/dialogs/upload.yaml]: [dialog] definition [upload] with reference id: [resources-app:upload] from module [resources-app] at [upload]
INFO  info.magnolia.config.source.yaml.YamlConfigurationSource 10.04.2021 10:40:08 -- Registered definition from YAML file [/resources-app/dialogs/versions.yaml]: [dialog] definition [versions] with reference id: [resources-app:versions] from module [resources-app] at [versions]
INFO  info.magnolia.config.source.yaml.YamlConfigurationSource 10.04.2021 10:40:08 -- Registered definition from YAML file [/admincentral/dialogs/userMenu.yaml]: [dialog] definition [userMenu] with reference id: [admincentral:userMenu] from module [admincentral] at [userMenu]
INFO  info.magnolia.config.source.yaml.YamlConfigurationSource 10.04.2021 10:40:08 -- Registered definition from YAML file [/dam-app-core/dialogs/chooser.yaml]: [dialog] definition [chooser] with reference id: [dam-app-core:chooser] from module [dam-app-core] at [chooser]
INFO  info.magnolia.config.source.yaml.YamlConfigurationSource 10.04.2021 10:40:08 -- Registered definition from YAML file [/mte/dialogs/pages/pageProperties.yaml]: [dialog] definition [pageProperties] with reference id: [mte:pages/pageProperties] from module [mte] at [pages/pageProperties]
INFO  info.magnolia.config.source.yaml.YamlConfigurationSource 10.04.2021 10:40:08 -- Registered definition from YAML file [/dam-app-jcr/dialogs/rename.yaml]: [dialog] definition [rename] with reference id: [dam-app-jcr:rename] from module [dam-app-jcr] at [rename]
INFO  info.magnolia.config.source.yaml.YamlConfigurationSource 10.04.2021 10:40:08 -- Registered definition from YAML file [/dam-app-jcr/dialogs/upload.yaml]: [dialog] definition [upload] with reference id: [dam-app-jcr:upload] from module [dam-app-jcr] at [upload]
INFO  info.magnolia.config.source.yaml.YamlConfigurationSource 10.04.2021 10:40:08 -- Registered definition from YAML file [/dam-app-jcr/dialogs/uploadAndEdit.yaml]: [dialog] definition [uploadAndEdit] with reference id: [dam-app-jcr:uploadAndEdit] from module [dam-app-jcr] at [uploadAndEdit]
INFO  info.magnolia.config.source.yaml.YamlConfigurationSource 10.04.2021 10:40:08 -- Registered definition from YAML file [/dam-app-jcr/dialogs/versions.yaml]: [dialog] definition [versions] with reference id: [dam-app-jcr:versions] from module [dam-app-jcr] at [versions]
INFO  info.magnolia.config.source.yaml.YamlConfigurationSource 10.04.2021 10:40:08 -- Registered definition from YAML file [/mtk/dialogs/components/html.yaml]: [dialog] definition [html] with reference id: [mtk:components/html] from module [mtk] at [components/html]
INFO  info.magnolia.config.source.yaml.YamlConfigurationSource 10.04.2021 10:40:08 -- Registered definition from YAML file [/mtk/dialogs/components/image.yaml]: [dialog] definition [image] with reference id: [mtk:components/image] from module [mtk] at [components/image]
INFO  info.magnolia.config.source.yaml.YamlConfigurationSource 10.04.2021 10:40:08 -- Registered definition from YAML file [/mtk/dialogs/components/link.yaml]: [dialog] definition [link] with reference id: [mtk:components/link] from module [mtk] at [components/link]
INFO  info.magnolia.config.source.yaml.YamlConfigurationSource 10.04.2021 10:40:08 -- Registered definition from YAML file [/mtk/dialogs/components/linkList.yaml]: [dialog] definition [linkList] with reference id: [mtk:components/linkList] from module [mtk] at [components/linkList]
INFO  info.magnolia.config.source.yaml.YamlConfigurationSource 10.04.2021 10:40:08 -- Registered definition from YAML file [/mtk/dialogs/components/teaser.yaml]: [dialog] definition [teaser] with reference id: [mtk:components/teaser] from module [mtk] at [components/teaser]
INFO  info.magnolia.config.source.yaml.YamlConfigurationSource 10.04.2021 10:40:08 -- Registered definition from YAML file [/mtk/dialogs/components/textImage.yaml]: [dialog] definition [textImage] with reference id: [mtk:components/textImage] from module [mtk] at [components/textImage]
INFO  info.magnolia.config.source.yaml.YamlConfigurationSource 10.04.2021 10:40:08 -- Registered definition from YAML file [/mtk/dialogs/components/video.yaml]: [dialog] definition [video] with reference id: [mtk:components/video] from module [mtk] at [components/video]
INFO  info.magnolia.config.source.yaml.YamlConfigurationSource 10.04.2021 10:40:08 -- Registered definition from YAML file [/mtk/dialogs/pages/basic.yaml]: [dialog] definition [basic] with reference id: [mtk:pages/basic] from module [mtk] at [pages/basic]
INFO  info.magnolia.config.source.yaml.YamlConfigurationSource 10.04.2021 10:40:09 -- Registered definition from YAML file [/mtk/dialogs/pages/redirect.yaml]: [dialog] definition [redirect] with reference id: [mtk:pages/redirect] from module [mtk] at [pages/redirect]
INFO  info.magnolia.config.source.yaml.AbstractFileResourceConfigurationSource 10.04.2021 10:40:09 -- File based definition decorator resolved from [/dam-app-jcr/decorations/dam-app-core/dialogs/chooser.yaml] and will be added to [dialogs] registry
INFO  info.magnolia.config.source.yaml.AbstractFileResourceConfigurationSource 10.04.2021 10:40:14 -- Setting up YamlConfigurationSource to load AppDescriptor definitions from resources
INFO  info.magnolia.config.source.yaml.YamlConfigurationSource 10.04.2021 10:40:14 -- Registered definition from YAML file [/tasks-app/apps/tasks-app.yaml]: [app] definition [tasks-app] with reference id: [tasks-app] from module [tasks-app] at [tasks-app]
INFO  info.magnolia.config.source.yaml.YamlConfigurationSource 10.04.2021 10:40:15 -- Registered definition from YAML file [/definitions-app/apps/definitions-app.yaml]: [app] definition [definitions-app] with reference id: [definitions-app] from module [definitions-app] at [definitions-app]
INFO  info.magnolia.config.source.yaml.YamlConfigurationSource 10.04.2021 10:40:15 -- Registered definition from YAML file [/jcr-browser/apps/jcr-browser-app.yaml]: [app] definition [jcr-browser-app] with reference id: [jcr-browser-app] from module [jcr-browser] at [jcr-browser-app]
INFO  info.magnolia.config.source.yaml.YamlConfigurationSource 10.04.2021 10:40:16 -- Registered definition from YAML file [/pages-app/apps/pages-app.yaml]: [app] definition [pages-app] with reference id: [pages-app] from module [pages-app] at [pages-app]
INFO  info.magnolia.config.source.yaml.YamlConfigurationSource 10.04.2021 10:40:16 -- Registered definition from YAML file [/password-manager/apps/password-manager.yaml]: [app] definition [password-manager] with reference id: [password-manager] from module [password-manager] at [password-manager]
INFO  info.magnolia.config.source.yaml.YamlConfigurationSource 10.04.2021 10:40:16 -- Registered definition from YAML file [/publishing-app/apps/publishing.yaml]: [app] definition [publishing] with reference id: [publishing] from module [publishing-app] at [publishing]
INFO  info.magnolia.config.source.yaml.YamlConfigurationSource 10.04.2021 10:40:17 -- Registered definition from YAML file [/resources-app/apps/resources.yaml]: [app] definition [resources] with reference id: [resources] from module [resources-app] at [resources]
INFO  info.magnolia.config.source.yaml.YamlConfigurationSource 10.04.2021 10:40:17 -- Registered definition from YAML file [/admincentral/apps/notifications.yaml]: [app] definition [notifications] with reference id: [notifications] from module [admincentral] at [notifications]
INFO  info.magnolia.config.source.yaml.YamlConfigurationSource 10.04.2021 10:40:17 -- Registered definition from YAML file [/dam-app-core/apps/dam-chooser.yaml]: [app] definition [dam-chooser] with reference id: [dam-chooser] from module [dam-app-core] at [dam-chooser][app] definition [dam-chooser] with reference id: [dam-chooser] from module [dam-app-core] at [dam-chooser] which is deprecated [Since=3.0.3,Description=Use $type: damlinkField instead of referencing this app.]
INFO  info.magnolia.config.source.yaml.YamlConfigurationSource 10.04.2021 10:40:17 -- Registered definition from YAML file [/dam-app-core/apps/dam.yaml]: [app] definition [dam] with reference id: [dam] from module [dam-app-core] at [dam]
INFO  info.magnolia.config.source.yaml.YamlConfigurationSource 10.04.2021 10:40:17 -- Registered definition from YAML file [/categories-app/apps/categories-app.yaml]: [app] definition [categories-app] with reference id: [categories-app] from module [categories-app] at [categories-app]
INFO  info.magnolia.config.source.yaml.AbstractFileResourceConfigurationSource 10.04.2021 10:40:17 -- File based definition decorator resolved from [/dam-app-jcr/decorations/dam-assets-app/apps/dam.subApps.yaml] and will be added to [apps] registry
INFO  info.magnolia.module.ModuleManagerImpl 10.04.2021 10:40:18 -- Starting module scheduler
INFO  info.magnolia.module.scheduler.SchedulerModule 10.04.2021 10:40:18 -- Job cleanTempFiles added [0 0 0/12 1/1 * ? *]. Will fire for the first time on Sat Apr 10 at 12:00:00 SGT 2021
INFO  info.magnolia.module.scheduler.SchedulerModule 10.04.2021 10:40:18 -- Job configScan added [0 0 0 * * ?]. Will fire for the first time on Sun Apr 11 at 00:00:00 SGT 2021
INFO  info.magnolia.module.ModuleManagerImpl 10.04.2021 10:40:18 -- Starting module site
INFO  info.magnolia.config.source.yaml.AbstractFileResourceConfigurationSource 10.04.2021 10:40:18 -- Setting up YamlConfigurationSource to load Theme definitions from resources
INFO  info.magnolia.config.source.yaml.YamlConfigurationSource 10.04.2021 10:40:19 -- Registered definition from YAML file [/mbt/themes/mbt-theme.yaml]: [theme] definition [mbt-theme] with reference id: [mbt-theme] from module [mbt] at [mbt-theme]
INFO  info.magnolia.module.ModuleManagerImpl 10.04.2021 10:40:19 -- Starting module ui-admincentral
INFO  info.magnolia.config.source.yaml.AbstractFileResourceConfigurationSource 10.04.2021 10:40:19 -- Setting up YamlConfigurationSource to load ItemViewDefinition definitions from resources
INFO  info.magnolia.config.source.yaml.YamlConfigurationSource 10.04.2021 10:40:20 -- Registered definition from YAML file [/admincentral/messageViews/default.yaml]: [messageView] definition [default] with reference id: [admincentral:default] from module [admincentral] at [default]
INFO  info.magnolia.module.ModuleManagerImpl 10.04.2021 10:40:20 -- Starting module ui-mediaeditor
INFO  info.magnolia.config.source.yaml.AbstractFileResourceConfigurationSource 10.04.2021 10:40:20 -- Setting up YamlConfigurationSource to load MediaEditorDefinition definitions from resources
INFO  info.magnolia.config.source.yaml.AbstractFileResourceConfigurationSource 10.04.2021 10:40:21 -- File based definition decorator resolved from [/ui-mediaeditor/decorations/ui-mediaeditor/mediaEditors/image.actionbar.sections.operations.yaml] and will be added to [mediaEditors] registry
INFO  info.magnolia.config.source.yaml.AbstractFileResourceConfigurationSource 10.04.2021 10:40:21 -- File based definition decorator resolved from [/ui-mediaeditor/decorations/ui-mediaeditor/mediaEditors/image.actions.redo.yaml] and will be added to [mediaEditors] registry
INFO  info.magnolia.config.source.yaml.decoration.YamlDefinitionDecorator 10.04.2021 10:40:21 -- Applied YAML file based decorator from [/ui-mediaeditor/decorations/ui-mediaeditor/mediaEditors/image.actionbar.sections.operations.yaml] to definition provider [[mediaEditor] definition [image] with reference id: [ui-mediaeditor:image] from module [ui-mediaeditor] at [image]]
INFO  info.magnolia.config.source.yaml.AbstractFileResourceConfigurationSource 10.04.2021 10:40:21 -- File based definition decorator resolved from [/ui-mediaeditor/decorations/ui-mediaeditor/mediaEditors/image.actions.undo.yaml] and will be added to [mediaEditors] registry
INFO  info.magnolia.config.source.yaml.decoration.YamlDefinitionDecorator 10.04.2021 10:40:21 -- Applied YAML file based decorator from [/ui-mediaeditor/decorations/ui-mediaeditor/mediaEditors/image.actions.redo.yaml] to definition provider [[mediaEditor] definition [image] with reference id: [ui-mediaeditor:image] from module [ui-mediaeditor] at [image]]
INFO  info.magnolia.config.source.yaml.decoration.YamlDefinitionDecorator 10.04.2021 10:40:21 -- Applied YAML file based decorator from [/ui-mediaeditor/decorations/ui-mediaeditor/mediaEditors/image.actionbar.sections.operations.yaml] to definition provider [[mediaEditor] definition [image] with reference id: [ui-mediaeditor:image] from module [ui-mediaeditor] at [image]]
INFO  info.magnolia.module.ModuleManagerImpl 10.04.2021 10:40:21 -- Starting module magnolia-usage-metrics
INFO  info.magnolia.module.ModuleManagerImpl 10.04.2021 10:40:21 -- Starting module password-manager
INFO  info.magnolia.module.ModuleManagerImpl 10.04.2021 10:40:21 -- Starting module task-management
INFO  info.magnolia.module.ModuleManagerImpl 10.04.2021 10:40:21 -- Starting module content-importer
INFO  info.magnolia.content.observer.ContentImporterModule 10.04.2021 10:40:21 -- Content bootstrap directory is not defined with property of 'magnolia.content.bootstrap.dir' in magnolia.properties file, therefore observation is not started.
INFO  info.magnolia.module.ModuleManagerImpl 10.04.2021 10:40:21 -- Starting module mail
INFO  info.magnolia.module.ModuleManagerImpl 10.04.2021 10:40:21 -- Starting module rest-client
INFO  info.magnolia.config.source.yaml.AbstractFileResourceConfigurationSource 10.04.2021 10:40:21 -- Setting up YamlConfigurationSource to load RestClientDefinition definitions from resources
INFO  info.magnolia.module.ModuleManagerImpl 10.04.2021 10:40:22 -- Starting module javascript-models
INFO  info.magnolia.module.ModuleManagerImpl 10.04.2021 10:40:22 -- Starting module rssaggregator
INFO  info.magnolia.module.ModuleManagerImpl 10.04.2021 10:40:22 -- Starting module categorization
WARN  info.magnolia.cms.util.WorkspaceObservingManager 10.04.2021 10:40:22 -- A deprecated class or method was used: Use reload() instead. Check the following trace: info.magnolia.commands.CommandsManager.reload(CommandsManager.java:269), info.magnolia.cms.util.WorkspaceObservingManager.start(WorkspaceObservingManager.java:91), the full stacktrace will be logged in debug mode in the info.magnolia.cms.util.DeprecationUtil category.
WARN  info.magnolia.cms.util.DeprecationUtil 10.04.2021 10:40:22 -- A deprecated class or method was used: Use reload() instead. Check the following trace: info.magnolia.commands.CommandsManager.reload(CommandsManager.java:269), info.magnolia.cms.util.WorkspaceObservingManager.start(WorkspaceObservingManager.java:91), the full stacktrace will be logged in debug mode in the info.magnolia.cms.util.DeprecationUtil category.
INFO  info.magnolia.commands.CommandsManager 10.04.2021 10:40:23 -- Catalog [default] registered: [info.magnolia.commands.MgnlCatalog: unpublish, publish, activate, deactivate]
INFO  info.magnolia.commands.CommandsManager 10.04.2021 10:40:23 -- Catalog [versioned] registered: [info.magnolia.commands.MgnlCatalog: unpublish, publish, activate, deactivate]
INFO  info.magnolia.commands.CommandsManager 10.04.2021 10:40:23 -- Catalog [cache] registered: [info.magnolia.commands.MgnlCatalog: flushNamedCache, flushByUUID, flushAll]
INFO  info.magnolia.commands.CommandsManager 10.04.2021 10:40:23 -- Catalog [resources] registered: [info.magnolia.commands.MgnlCatalog: versionResources]
INFO  info.magnolia.commands.CommandsManager 10.04.2021 10:40:23 -- Adding new command [importZip] to already registered catalog [default]...
INFO  info.magnolia.commands.CommandsManager 10.04.2021 10:40:23 -- Adding new command [cleanTempFiles] to already registered catalog [default]...
INFO  info.magnolia.commands.CommandsManager 10.04.2021 10:40:23 -- Adding new command [exportYaml] to already registered catalog [default]...
INFO  info.magnolia.commands.CommandsManager 10.04.2021 10:40:23 -- Adding new command [import] to already registered catalog [default]...
INFO  info.magnolia.commands.CommandsManager 10.04.2021 10:40:23 -- Adding new command [markAsDeleted] to already registered catalog [default]...
INFO  info.magnolia.commands.CommandsManager 10.04.2021 10:40:23 -- Adding new command [restorePreviousVersion] to already registered catalog [default]...
INFO  info.magnolia.commands.CommandsManager 10.04.2021 10:40:23 -- Adding new command [export] to already registered catalog [default]...
INFO  info.magnolia.commands.CommandsManager 10.04.2021 10:40:23 -- Adding new command [delete] to already registered catalog [default]...
INFO  info.magnolia.commands.CommandsManager 10.04.2021 10:40:23 -- Adding new command [configScan] to already registered catalog [default]...
INFO  info.magnolia.commands.CommandsManager 10.04.2021 10:40:23 -- Catalog [dam] registered: [info.magnolia.commands.MgnlCatalog: markAssetFolderAsDeleted, importAssetZip]
INFO  info.magnolia.commands.CommandsManager 10.04.2021 10:40:23 -- Adding new command [sendMail] to already registered catalog [default]...
INFO  info.magnolia.commands.CommandsManager 10.04.2021 10:40:24 -- Catalog [planet] registered: [info.magnolia.commands.MgnlCatalog: collectPlanetStatistics, generatePlanetData]
INFO  info.magnolia.commands.CommandsManager 10.04.2021 10:40:24 -- Catalog [rss] registered: [info.magnolia.commands.MgnlCatalog: importRss]
INFO  info.magnolia.commands.CommandsManager 10.04.2021 10:40:24 -- Catalog [categorization] registered: [info.magnolia.commands.MgnlCatalog: generateCategories, removeCategories]
DEBUG class org.ehcache.core.Ehcache-defaultPageCache 10.04.2021 10:40:25 -- Initialize successful.
DEBUG class org.ehcache.core.Ehcache-uuid-key-mapping 10.04.2021 10:40:25 -- Initialize successful.
INFO  info.magnolia.cms.i18n.DefaultMessagesManager 10.04.2021 10:40:26 -- Loading i18n configuration - /server/i18n/system
INFO  info.magnolia.cms.i18n.DefaultMessagesManager 10.04.2021 10:40:26 -- Registering event listener for i18n
INFO  info.magnolia.cms.beans.config.MIMEMapping 10.04.2021 10:40:26 -- Initializing MIMEMapping from /server/MIMEMapping
INFO  info.magnolia.cms.beans.config.MIMEMapping 10.04.2021 10:40:26 -- Registering event listener for MIMEMapping
INFO  info.magnolia.cms.beans.config.ConfigLoader 10.04.2021 10:40:26 -- Configuration loaded (took 75 seconds)
INFO  info.magnolia.cms.filters.FilterManagerImpl 10.04.2021 10:40:27 -- Initializing filters
INFO  info.magnolia.cms.filters.CompositeFilter 10.04.2021 10:40:27 -- Initializing filter [context]
INFO  info.magnolia.cms.filters.CompositeFilter 10.04.2021 10:40:27 -- Initializing filter [contentType]
INFO  info.magnolia.cms.filters.CompositeFilter 10.04.2021 10:40:27 -- Initializing filter [multipartRequest]
INFO  info.magnolia.cms.filters.CompositeFilter 10.04.2021 10:40:27 -- Initializing filter [unicodeNormalization]
INFO  info.magnolia.cms.filters.CompositeFilter 10.04.2021 10:40:27 -- Initializing filter [csrfTokenSecurity]
INFO  info.magnolia.cms.filters.CompositeFilter 10.04.2021 10:40:27 -- Initializing filter [login]
INFO  info.magnolia.cms.filters.CompositeFilter 10.04.2021 10:40:27 -- Initializing filter [publishing]
INFO  info.magnolia.cms.filters.CompositeFilter 10.04.2021 10:40:27 -- Initializing filter [gzip]
INFO  info.magnolia.cms.filters.CompositeFilter 10.04.2021 10:40:27 -- Initializing filter [channel]
INFO  info.magnolia.cms.filters.CompositeFilter 10.04.2021 10:40:27 -- Initializing filter [siteMerge]
INFO  info.magnolia.cms.filters.CompositeFilter 10.04.2021 10:40:27 -- Initializing filter [logout]
INFO  info.magnolia.cms.filters.CompositeFilter 10.04.2021 10:40:27 -- Initializing filter [securityCallback]
INFO  info.magnolia.cms.filters.CompositeFilter 10.04.2021 10:40:27 -- Initializing filter [csrfSecurity]
INFO  info.magnolia.cms.filters.CompositeFilter 10.04.2021 10:40:27 -- Initializing filter [uriSecurity]
INFO  info.magnolia.cms.filters.CompositeFilter 10.04.2021 10:40:27 -- Initializing filter [range]
INFO  info.magnolia.cms.filters.CompositeFilter 10.04.2021 10:40:27 -- Initializing filter [i18n]
INFO  info.magnolia.cms.filters.CompositeFilter 10.04.2021 10:40:27 -- Initializing filter [cache]
INFO  info.magnolia.cms.filters.CompositeFilter 10.04.2021 10:40:27 -- Initializing filter [cors]
INFO  info.magnolia.cms.filters.CompositeFilter 10.04.2021 10:40:27 -- Initializing filter [virtualURI]
INFO  info.magnolia.cms.filters.CompositeFilter 10.04.2021 10:40:27 -- Initializing filter [servlets]
INFO  info.magnolia.cms.filters.CompositeFilter 10.04.2021 10:40:27 -- Initializing filter [Wrapper for DamDownloadServlet servlet]
INFO  info.magnolia.cms.filters.CompositeFilter 10.04.2021 10:40:27 -- Initializing filter [Wrapper for RestDispatcherServlet servlet]
INFO  info.magnolia.cms.filters.CompositeFilter 10.04.2021 10:40:29 -- Initializing filter [Wrapper for ImagingServlet servlet]
INFO  info.magnolia.cms.filters.CompositeFilter 10.04.2021 10:40:29 -- Initializing filter [Wrapper for ResourcesServlet servlet]
INFO  info.magnolia.cms.filters.CompositeFilter 10.04.2021 10:40:29 -- Initializing filter [Wrapper for Admincentral-m5 servlet]
INFO  info.magnolia.config.source.yaml.decoration.YamlDefinitionDecorator 10.04.2021 10:40:30 -- Applied YAML file based decorator from [/dam-app-jcr/decorations/dam-assets-app/apps/dam.subApps.yaml] to definition provider [[app] definition [dam] with reference id: [dam] from module [dam-app-core] at [dam]]
INFO  info.magnolia.cms.filters.CompositeFilter 10.04.2021 10:40:33 -- Initializing filter [Wrapper for Admincentral servlet]
INFO  info.magnolia.cms.filters.CompositeFilter 10.04.2021 10:40:33 -- Initializing filter [Wrapper for VaadinStatic servlet]
INFO  info.magnolia.cms.filters.CompositeFilter 10.04.2021 10:40:33 -- Initializing filter [Wrapper for FeedSyndicationServlet servlet]
INFO  info.magnolia.cms.filters.CompositeFilter 10.04.2021 10:40:33 -- Initializing filter [cms]
INFO  info.magnolia.cms.filters.CompositeFilter 10.04.2021 10:40:33 -- Initializing filter [repositoryMapping]
INFO  info.magnolia.cms.filters.CompositeFilter 10.04.2021 10:40:33 -- Initializing filter [contentSecurity]
INFO  info.magnolia.cms.filters.CompositeFilter 10.04.2021 10:40:33 -- Initializing filter [aggregator]
INFO  info.magnolia.cms.filters.CompositeFilter 10.04.2021 10:40:33 -- Initializing filter [modelExecution]
INFO  info.magnolia.cms.filters.CompositeFilter 10.04.2021 10:40:33 -- Initializing filter [rendering]
INFO  info.magnolia.i18nsystem.DefaultMessageBundlesLoader 10.04.2021 11:03:25 -- 
------------------------------------
Duplicated keys found while loading message bundles from ./mgnl-i18n :
------------------------------------
Number of duplicates based on key pattern <key>_<locale>_<bundle-url>: 132
Number of duplicates based on key pattern <key>_<locale>: 130
Number of duplicates based on key pattern <key>: 105
To get more details concerning the keys, raise the log level to 'DEBUG' for info.magnolia.i18nsystem.DefaultMessageBundlesLoader.
If you encounter a large number of duplicates, it's possible that you are running in a development environment where you have multiple copies of the web-apps in the overlays folder of your web-app.
URLs of the affected files creating duplicate entries:
LayeredResource{path='/lang-cs/i18n/ui-admincentral/pulse/ui-admincentral-pulse-messages_cs.properties', layeredResources=[ClasspathResource{origin=classpath,path=/lang-cs/i18n/ui-admincentral/pulse/ui-admincentral-pulse-messages_cs.properties,file}]}
LayeredResource{path='/lang-cs/i18n/ui-admincentral/ui-admincentral-messages_cs.properties', layeredResources=[ClasspathResource{origin=classpath,path=/lang-cs/i18n/ui-admincentral/ui-admincentral-messages_cs.properties,file}]}
LayeredResource{path='/mgnl-i18n/standard-templating-kit/app-stkTemplateDefsApp-messages_de.properties', layeredResources=[ClasspathResource{origin=classpath,path=/mgnl-i18n/standard-templating-kit/app-stkTemplateDefsApp-messages_de.properties,file}]}
LayeredResource{path='/mgnl-i18n/ui-admincentral/shellapp-app-launcher-messages_ja.properties', layeredResources=[ClasspathResource{origin=classpath,path=/mgnl-i18n/ui-admincentral/shellapp-app-launcher-messages_ja.properties,file}]}
LayeredResource{path='/mgnl-i18n/ui-admincentral/ui-admincentral-messages_ko.properties', layeredResources=[ClasspathResource{origin=classpath,path=/mgnl-i18n/ui-admincentral/ui-admincentral-messages_ko.properties,file}]}
LayeredResource{path='/mgnl-i18n/workflow/workflow-messages_de.properties', layeredResources=[ClasspathResource{origin=classpath,path=/mgnl-i18n/workflow/workflow-messages_de.properties,file}]}
LayeredResource{path='/mgnl-i18n/workflow/workflow-messages_ko.properties', layeredResources=[ClasspathResource{origin=classpath,path=/mgnl-i18n/workflow/workflow-messages_ko.properties,file}]}
LayeredResource{path='/mgnl-i18n/workflow/workflow-messages_zh_CN.properties', layeredResources=[ClasspathResource{origin=classpath,path=/mgnl-i18n/workflow/workflow-messages_zh_CN.properties,file}]}
LayeredResource{path='/mtk/i18n/magnolia-templating-kit-messages_en.properties', layeredResources=[ClasspathResource{origin=classpath,path=/mtk/i18n/magnolia-templating-kit-messages_en.properties,file}]}
LayeredResource{path='/personalization-pages/i18n/personalization-pages_de.properties', layeredResources=[ClasspathResource{origin=classpath,path=/personalization-pages/i18n/personalization-pages_de.properties,file}]}
LayeredResource{path='/publishing-app/i18n/publishing-app-messages_de.properties', layeredResources=[ClasspathResource{origin=classpath,path=/publishing-app/i18n/publishing-app-messages_de.properties,file}]}
LayeredResource{path='/publishing-app/i18n/publishing-app-messages_es.properties', layeredResources=[ClasspathResource{origin=classpath,path=/publishing-app/i18n/publishing-app-messages_es.properties,file}]}
LayeredResource{path='/publishing-app/i18n/publishing-app-messages_fr.properties', layeredResources=[ClasspathResource{origin=classpath,path=/publishing-app/i18n/publishing-app-messages_fr.properties,file}]}
LayeredResource{path='/rssaggregator/i18n/rssaggregator-backend_en.properties', layeredResources=[ClasspathResource{origin=classpath,path=/rssaggregator/i18n/rssaggregator-backend_en.properties,file}]}
LayeredResource{path='/travel-demo-multisite/i18n/module-travel-demo-multisite-messages_ko.properties', layeredResources=[ClasspathResource{origin=classpath,path=/travel-demo-multisite/i18n/module-travel-demo-multisite-messages_ko.properties,file}]}
LayeredResource{path='/travel-demo/i18n/module-travel-demo-messages_ko.properties', layeredResources=[ClasspathResource{origin=classpath,path=/travel-demo/i18n/module-travel-demo-messages_ko.properties,file}]}
LayeredResource{path='/ui-admincentral/i18n/legacy-ui-admincentral-messages_en.properties', layeredResources=[ClasspathResource{origin=classpath,path=/ui-admincentral/i18n/legacy-ui-admincentral-messages_en.properties,file}]}
LayeredResource{path='/ui-admincentral/i18n/pulse/ui-admincentral-pulse-messages_en.properties', layeredResources=[ClasspathResource{origin=classpath,path=/ui-admincentral/i18n/pulse/ui-admincentral-pulse-messages_en.properties,file}]}
LayeredResource{path='/ui-admincentral/i18n/ui-admincentral-messages_en.properties', layeredResources=[ClasspathResource{origin=classpath,path=/ui-admincentral/i18n/ui-admincentral-messages_en.properties,file}]}
LayeredResource{path='/ui-form/i18n/module-ui-form-backend_en.properties', layeredResources=[ClasspathResource{origin=classpath,path=/ui-form/i18n/module-ui-form-backend_en.properties,file}]}
LayeredResource{path='/ui-framework-core/i18n/ui-framework_de.properties', layeredResources=[ClasspathResource{origin=classpath,path=/ui-framework-core/i18n/ui-framework_de.properties,file}]}
LayeredResource{path='/ui-framework-core/i18n/ui-framework_en.properties', layeredResources=[ClasspathResource{origin=classpath,path=/ui-framework-core/i18n/ui-framework_en.properties,file}]}
------------------------------------
INFO  info.magnolia.i18nsystem.DefaultMessageBundlesLoader 10.04.2021 11:03:25 -- Starting monitoring of info.magnolia.resourceloader.layered.LayeredResourceOrigin@707d6928 to load translation files
WARN  info.magnolia.publishing.receiver.operation.jcr.JcrUnpublicationOperation 10.04.2021 11:03:26 -- Unable to delete node with UUID: dc92ffbe-d0bd-48d4-be4f-333651e24423 in workspace website. Node not found on public instance.
INFO  info.magnolia.module.ModuleManagerImpl 10.04.2021 11:04:51 -- Stopping module categorization
INFO  info.magnolia.module.ModuleManagerImpl 10.04.2021 11:04:51 -- Stopping module rssaggregator
INFO  info.magnolia.module.rssaggregator.RSSAggregator 10.04.2021 11:04:51 -- Removed RSS job '2a968a8d-a408-42ef-9081-23dddd5a03ca'.
INFO  info.magnolia.module.rssaggregator.RSSAggregator 10.04.2021 11:04:51 -- Removed RSS job '0e2e5cb7-dd7c-4ce9-bfa8-3761047f65f2'.
INFO  info.magnolia.module.ModuleManagerImpl 10.04.2021 11:04:51 -- Stopping module javascript-models
INFO  info.magnolia.module.ModuleManagerImpl 10.04.2021 11:04:51 -- Stopping module rest-client
INFO  info.magnolia.rest.client.RestClientProvider 10.04.2021 11:04:51 -- Close all cached RestClients.
INFO  info.magnolia.rest.client.RestClientProvider 10.04.2021 11:04:51 -- Clear all cached RestClients.
INFO  info.magnolia.module.ModuleManagerImpl 10.04.2021 11:04:51 -- Stopping module mail
INFO  info.magnolia.module.ModuleManagerImpl 10.04.2021 11:04:51 -- Stopping module content-importer
INFO  info.magnolia.module.ModuleManagerImpl 10.04.2021 11:04:51 -- Stopping module task-management
INFO  info.magnolia.module.ModuleManagerImpl 10.04.2021 11:04:51 -- Stopping module password-manager
INFO  info.magnolia.module.ModuleManagerImpl 10.04.2021 11:04:51 -- Stopping module magnolia-usage-metrics
INFO  info.magnolia.module.ModuleManagerImpl 10.04.2021 11:04:51 -- Stopping module ui-mediaeditor
INFO  info.magnolia.module.ModuleManagerImpl 10.04.2021 11:04:51 -- Stopping module ui-admincentral
INFO  info.magnolia.module.ModuleManagerImpl 10.04.2021 11:04:51 -- Stopping module site
INFO  info.magnolia.module.ModuleManagerImpl 10.04.2021 11:04:51 -- Stopping module scheduler
INFO  info.magnolia.module.scheduler.SchedulerModule 10.04.2021 11:04:52 -- Waiting up to 30 seconds for scheduled jobs to stop...
INFO  info.magnolia.module.ModuleManagerImpl 10.04.2021 11:04:53 -- Stopping module ui-framework
INFO  info.magnolia.module.ModuleManagerImpl 10.04.2021 11:04:53 -- Stopping module imaging
INFO  info.magnolia.module.ModuleManagerImpl 10.04.2021 11:04:53 -- Stopping module virtual-uri
INFO  info.magnolia.module.ModuleManagerImpl 10.04.2021 11:04:53 -- Stopping module ui-framework-core
INFO  info.magnolia.module.ModuleManagerImpl 10.04.2021 11:04:53 -- Stopping module rendering
INFO  info.magnolia.module.ModuleManagerImpl 10.04.2021 11:04:53 -- Stopping module periscope-core
INFO  info.magnolia.module.ModuleManagerImpl 10.04.2021 11:04:53 -- Stopping module content-types
INFO  info.magnolia.module.ModuleManagerImpl 10.04.2021 11:04:53 -- Stopping module cache
INFO  info.magnolia.module.cache.AbstractListeningFlushPolicy 10.04.2021 11:04:53 -- Unregistering event listener mapped to key [defaultPageCache:category:/] 
INFO  info.magnolia.module.cache.AbstractListeningFlushPolicy 10.04.2021 11:04:53 -- Unregistering event listener mapped to key [defaultPageCache:resources:/] 
INFO  info.magnolia.module.cache.AbstractListeningFlushPolicy 10.04.2021 11:04:53 -- Unregistering event listener mapped to key [defaultPageCache:scripts:/] 
INFO  info.magnolia.module.cache.AbstractListeningFlushPolicy 10.04.2021 11:04:53 -- Unregistering event listener mapped to key [defaultPageCache:userroles:/] 
INFO  info.magnolia.module.cache.AbstractListeningFlushPolicy 10.04.2021 11:04:53 -- Unregistering event listener mapped to key [defaultPageCache:dam:/] 
INFO  info.magnolia.module.cache.AbstractListeningFlushPolicy 10.04.2021 11:04:53 -- Unregistering event listener mapped to key [defaultPageCache:default:/] 
INFO  info.magnolia.module.cache.AbstractListeningFlushPolicy 10.04.2021 11:04:53 -- Unregistering event listener mapped to key [defaultPageCache:config:/] 
INFO  info.magnolia.module.cache.AbstractListeningFlushPolicy 10.04.2021 11:04:53 -- Unregistering event listener mapped to key [defaultPageCache:usergroups:/] 
INFO  info.magnolia.module.cache.AbstractListeningFlushPolicy 10.04.2021 11:04:53 -- Unregistering event listener mapped to key [defaultPageCache:website:/] 
INFO  info.magnolia.module.cache.AbstractListeningFlushPolicy 10.04.2021 11:04:53 -- Unregistering event listener mapped to key [defaultPageCache:keystore:/] 
INFO  info.magnolia.module.cache.AbstractListeningFlushPolicy 10.04.2021 11:04:53 -- Unregistering event listener mapped to key [defaultPageCache:tasks:/] 
INFO  info.magnolia.module.cache.AbstractListeningFlushPolicy 10.04.2021 11:04:53 -- Unregistering event listener mapped to key [defaultPageCache:rss:/] 
INFO  info.magnolia.module.cache.AbstractListeningFlushPolicy 10.04.2021 11:04:53 -- Unregistering event listener mapped to key [uuid-key-mapping:config:/] 
INFO  info.magnolia.module.cache.AbstractListeningFlushPolicy 10.04.2021 11:04:53 -- Unregistering event listener mapped to key [uuid-key-mapping:dam:/] 
INFO  info.magnolia.module.cache.AbstractListeningFlushPolicy 10.04.2021 11:04:53 -- Unregistering event listener mapped to key [uuid-key-mapping:resources:/] 
INFO  info.magnolia.module.cache.AbstractListeningFlushPolicy 10.04.2021 11:04:53 -- Unregistering event listener mapped to key [uuid-key-mapping:category:/] 
INFO  info.magnolia.module.cache.AbstractListeningFlushPolicy 10.04.2021 11:04:53 -- Unregistering event listener mapped to key [uuid-key-mapping:usergroups:/] 
INFO  info.magnolia.module.cache.AbstractListeningFlushPolicy 10.04.2021 11:04:53 -- Unregistering event listener mapped to key [uuid-key-mapping:rss:/] 
INFO  info.magnolia.module.cache.AbstractListeningFlushPolicy 10.04.2021 11:04:53 -- Unregistering event listener mapped to key [uuid-key-mapping:scripts:/] 
INFO  info.magnolia.module.cache.AbstractListeningFlushPolicy 10.04.2021 11:04:53 -- Unregistering event listener mapped to key [uuid-key-mapping:userroles:/] 
INFO  info.magnolia.module.cache.AbstractListeningFlushPolicy 10.04.2021 11:04:53 -- Unregistering event listener mapped to key [uuid-key-mapping:keystore:/] 
INFO  info.magnolia.module.cache.AbstractListeningFlushPolicy 10.04.2021 11:04:53 -- Unregistering event listener mapped to key [uuid-key-mapping:website:/] 
INFO  info.magnolia.module.cache.AbstractListeningFlushPolicy 10.04.2021 11:04:53 -- Unregistering event listener mapped to key [uuid-key-mapping:default:/] 
INFO  info.magnolia.module.cache.AbstractListeningFlushPolicy 10.04.2021 11:04:53 -- Unregistering event listener mapped to key [uuid-key-mapping:tasks:/] 
DEBUG class org.ehcache.core.Ehcache-defaultPageCache 10.04.2021 11:04:53 -- Close successful.
DEBUG class org.ehcache.core.Ehcache-uuid-key-mapping 10.04.2021 11:04:53 -- Close successful.
INFO  info.magnolia.module.ModuleManagerImpl 10.04.2021 11:04:53 -- Stopping module config
INFO  info.magnolia.dirwatch.DirectoryWatcherService 10.04.2021 11:04:53 -- DirectoryWatcherService terminated.
INFO  info.magnolia.resourceloader.classpath.service.impl.devmode.DevelopmentModeClasspathService 10.04.2021 11:04:53 -- DevelopmentModeClasspathService terminated.
INFO  info.magnolia.module.ModuleManagerImpl 10.04.2021 11:04:53 -- Stopping module rest-integration
INFO  info.magnolia.module.ModuleManagerImpl 10.04.2021 11:04:53 -- Stopping module publishing-core
INFO  info.magnolia.module.ModuleManagerImpl 10.04.2021 11:04:53 -- Stopping module dam
INFO  info.magnolia.repository.DefaultRepositoryManager 10.04.2021 11:04:53 -- Shutting down JCR
INFO  info.magnolia.jackrabbit.ProviderImpl 10.04.2021 11:04:53 -- Shutting down repository bound to 'magnoliaPublic'
