05-Apr-2021 11:38:11.313 INFO [main] org.apache.catalina.core.ApplicationContext.log Initializing AtmosphereFramework
05-Apr-2021 11:38:55.497 INFO [main] org.apache.catalina.core.ApplicationContext.log Initializing AtmosphereFramework
05-Apr-2021 12:11:06.495 SEVERE [http-nio-8080-exec-4] org.apache.catalina.core.StandardWrapperValve.invoke Servlet.service() for servlet [default] in context with path [/magnoliaAuthor] threw exception
	java.lang.RuntimeException: org.apache.catalina.connector.ClientAbortException: java.io.IOException: An established connection was aborted by the software in your host machine
		at info.magnolia.module.cache.filter.CacheFilter.doFilter(CacheFilter.java:178)
		at info.magnolia.cms.filters.AbstractMgnlFilter.doFilter(AbstractMgnlFilter.java:85)
		at info.magnolia.cms.filters.MgnlFilterChain.doFilter(MgnlFilterChain.java:79)
		at info.magnolia.cms.i18n.I18nContentSupportFilter.doFilter(I18nContentSupportFilter.java:85)
		at info.magnolia.cms.filters.AbstractMgnlFilter.doFilter(AbstractMgnlFilter.java:85)
		at info.magnolia.cms.filters.MgnlFilterChain.doFilter(MgnlFilterChain.java:79)
		at info.magnolia.cms.filters.RangeSupportFilter.doFilter(RangeSupportFilter.java:78)
		at info.magnolia.cms.filters.AbstractMgnlFilter.doFilter(AbstractMgnlFilter.java:85)
		at info.magnolia.cms.filters.MgnlFilterChain.doFilter(MgnlFilterChain.java:79)
		at info.magnolia.cms.security.BaseSecurityFilter.doFilter(BaseSecurityFilter.java:57)
		at info.magnolia.cms.filters.AbstractMgnlFilter.doFilter(AbstractMgnlFilter.java:85)
		at info.magnolia.cms.filters.MgnlFilterChain.doFilter(MgnlFilterChain.java:79)
		at info.magnolia.cms.filters.MgnlFilterChain.doFilter(MgnlFilterChain.java:81)
		at info.magnolia.cms.security.SecurityCallbackFilter.doFilter(SecurityCallbackFilter.java:84)
		at info.magnolia.cms.filters.OncePerRequestAbstractMgnlFilter.doFilter(OncePerRequestAbstractMgnlFilter.java:59)
		at info.magnolia.cms.filters.MgnlFilterChain.doFilter(MgnlFilterChain.java:79)
		at info.magnolia.cms.security.LogoutFilter.doFilter(LogoutFilter.java:94)
		at info.magnolia.cms.filters.OncePerRequestAbstractMgnlFilter.doFilter(OncePerRequestAbstractMgnlFilter.java:59)
		at info.magnolia.cms.filters.MgnlFilterChain.doFilter(MgnlFilterChain.java:79)
		at info.magnolia.module.site.filters.SiteMergeFilter.doFilter(SiteMergeFilter.java:119)
		at info.magnolia.cms.filters.AbstractMgnlFilter.doFilter(AbstractMgnlFilter.java:85)
		at info.magnolia.cms.filters.MgnlFilterChain.doFilter(MgnlFilterChain.java:79)
		at info.magnolia.cms.filters.MultiChannelFilter.doFilter(MultiChannelFilter.java:83)
		at info.magnolia.cms.filters.AbstractMgnlFilter.doFilter(AbstractMgnlFilter.java:85)
		at info.magnolia.cms.filters.MgnlFilterChain.doFilter(MgnlFilterChain.java:79)
		at info.magnolia.cms.filters.MgnlFilterChain.doFilter(MgnlFilterChain.java:81)
		at info.magnolia.cms.filters.MgnlFilterChain.doFilter(MgnlFilterChain.java:81)
		at info.magnolia.cms.security.auth.login.LoginFilter.doFilter(LoginFilter.java:128)
		at info.magnolia.cms.filters.AbstractMgnlFilter.doFilter(AbstractMgnlFilter.java:85)
		at info.magnolia.cms.filters.MgnlFilterChain.doFilter(MgnlFilterChain.java:79)
		at info.magnolia.cms.security.CsrfTokenSecurityFilter.doFilter(CsrfTokenSecurityFilter.java:107)
		at info.magnolia.cms.filters.AbstractMgnlFilter.doFilter(AbstractMgnlFilter.java:85)
		at info.magnolia.cms.filters.MgnlFilterChain.doFilter(MgnlFilterChain.java:79)
		at info.magnolia.cms.filters.MgnlFilterChain.doFilter(MgnlFilterChain.java:81)
		at info.magnolia.cms.filters.MultipartRequestFilter.doFilter(MultipartRequestFilter.java:151)
		at info.magnolia.cms.filters.OncePerRequestAbstractMgnlFilter.doFilter(OncePerRequestAbstractMgnlFilter.java:59)
		at info.magnolia.cms.filters.MgnlFilterChain.doFilter(MgnlFilterChain.java:79)
		at info.magnolia.cms.filters.ContentTypeFilter.doFilter(ContentTypeFilter.java:155)
		at info.magnolia.cms.filters.AbstractMgnlFilter.doFilter(AbstractMgnlFilter.java:85)
		at info.magnolia.cms.filters.MgnlFilterChain.doFilter(MgnlFilterChain.java:79)
		at info.magnolia.cms.filters.ContextFilter.doFilter(ContextFilter.java:128)
		at info.magnolia.cms.filters.AbstractMgnlFilter.doFilter(AbstractMgnlFilter.java:85)
		at info.magnolia.cms.filters.MgnlFilterChain.doFilter(MgnlFilterChain.java:79)
		at info.magnolia.cms.filters.CompositeFilter.doFilter(CompositeFilter.java:65)
		at info.magnolia.cms.filters.AbstractMgnlFilter.doFilter(AbstractMgnlFilter.java:85)
		at info.magnolia.cms.filters.SafeDestroyMgnlFilterWrapper.doFilter(SafeDestroyMgnlFilterWrapper.java:107)
		at info.magnolia.cms.filters.MgnlFilterDispatcher.doDispatch(MgnlFilterDispatcher.java:67)
		at info.magnolia.cms.filters.MgnlMainFilter.doFilter(MgnlMainFilter.java:110)
		at info.magnolia.cms.filters.MgnlMainFilter.doFilter(MgnlMainFilter.java:96)
		at org.apache.catalina.core.ApplicationFilterChain.internalDoFilter(ApplicationFilterChain.java:189)
		at org.apache.catalina.core.ApplicationFilterChain.doFilter(ApplicationFilterChain.java:162)
		at org.apache.catalina.core.StandardWrapperValve.invoke(StandardWrapperValve.java:202)
		at org.apache.catalina.core.StandardContextValve.invoke(StandardContextValve.java:97)
		at org.apache.catalina.authenticator.AuthenticatorBase.invoke(AuthenticatorBase.java:542)
		at org.apache.catalina.core.StandardHostValve.invoke(StandardHostValve.java:143)
		at org.apache.catalina.valves.ErrorReportValve.invoke(ErrorReportValve.java:92)
		at org.apache.catalina.valves.AbstractAccessLogValve.invoke(AbstractAccessLogValve.java:687)
		at org.apache.catalina.core.StandardEngineValve.invoke(StandardEngineValve.java:78)
		at org.apache.catalina.connector.CoyoteAdapter.service(CoyoteAdapter.java:346)
		at org.apache.coyote.http11.Http11Processor.service(Http11Processor.java:374)
		at org.apache.coyote.AbstractProcessorLight.process(AbstractProcessorLight.java:65)
		at org.apache.coyote.AbstractProtocol$ConnectionHandler.process(AbstractProtocol.java:887)
		at org.apache.tomcat.util.net.NioEndpoint$SocketProcessor.doRun(NioEndpoint.java:1684)
		at org.apache.tomcat.util.net.SocketProcessorBase.run(SocketProcessorBase.java:49)
		at java.util.concurrent.ThreadPoolExecutor.runWorker(ThreadPoolExecutor.java:1149)
		at java.util.concurrent.ThreadPoolExecutor$Worker.run(ThreadPoolExecutor.java:624)
		at org.apache.tomcat.util.threads.TaskThread$WrappingRunnable.run(TaskThread.java:61)
		at java.lang.Thread.run(Thread.java:748)
	Caused by: org.apache.catalina.connector.ClientAbortException: java.io.IOException: An established connection was aborted by the software in your host machine
		at org.apache.catalina.connector.OutputBuffer.realWriteBytes(OutputBuffer.java:351)
		at org.apache.catalina.connector.OutputBuffer.flushByteBuffer(OutputBuffer.java:776)
		at org.apache.catalina.connector.OutputBuffer.append(OutputBuffer.java:681)
		at org.apache.catalina.connector.OutputBuffer.writeBytes(OutputBuffer.java:386)
		at org.apache.catalina.connector.OutputBuffer.write(OutputBuffer.java:364)
		at org.apache.catalina.connector.CoyoteOutputStream.write(CoyoteOutputStream.java:96)
		at org.apache.commons.io.IOUtils.copyLarge(IOUtils.java:2315)
		at org.apache.commons.io.IOUtils.copy(IOUtils.java:2270)
		at org.apache.commons.io.IOUtils.copyLarge(IOUtils.java:2291)
		at info.magnolia.dam.core.download.DamDownloadServlet.handleResourceRequest(DamDownloadServlet.java:188)
		at info.magnolia.dam.core.download.DamDownloadServlet.process(DamDownloadServlet.java:131)
		at info.magnolia.dam.core.download.DamDownloadServlet.doGet(DamDownloadServlet.java:106)
		at javax.servlet.http.HttpServlet.service(HttpServlet.java:626)
		at javax.servlet.http.HttpServlet.service(HttpServlet.java:733)
		at info.magnolia.cms.filters.ServletDispatchingFilter.doFilter(ServletDispatchingFilter.java:148)
		at info.magnolia.cms.filters.AbstractMgnlFilter.doFilter(AbstractMgnlFilter.java:85)
		at info.magnolia.cms.filters.MgnlFilterChain.doFilter(MgnlFilterChain.java:79)
		at info.magnolia.cms.filters.CompositeFilter.doFilter(CompositeFilter.java:65)
		at info.magnolia.cms.filters.AbstractMgnlFilter.doFilter(AbstractMgnlFilter.java:85)
		at info.magnolia.cms.filters.MgnlFilterChain.doFilter(MgnlFilterChain.java:79)
		at info.magnolia.virtualuri.VirtualUriFilter.doFilter(VirtualUriFilter.java:98)
		at info.magnolia.cms.filters.AbstractMgnlFilter.doFilter(AbstractMgnlFilter.java:85)
		at info.magnolia.cms.filters.MgnlFilterChain.doFilter(MgnlFilterChain.java:79)
		at info.magnolia.cms.filters.MgnlFilterChain.doFilter(MgnlFilterChain.java:81)
		at info.magnolia.module.cache.executor.Bypass.processCacheRequest(Bypass.java:58)
		at info.magnolia.module.cache.executor.CompositeExecutor.processCacheRequest(CompositeExecutor.java:66)
		at info.magnolia.module.cache.filter.CacheFilter.doFilter(CacheFilter.java:164)
		... 67 more
	Caused by: java.io.IOException: An established connection was aborted by the software in your host machine
		at sun.nio.ch.SocketDispatcher.write0(Native Method)
		at sun.nio.ch.SocketDispatcher.write(SocketDispatcher.java:51)
		at sun.nio.ch.IOUtil.writeFromNativeBuffer(IOUtil.java:93)
		at sun.nio.ch.IOUtil.write(IOUtil.java:65)
		at sun.nio.ch.SocketChannelImpl.write(SocketChannelImpl.java:471)
		at org.apache.tomcat.util.net.NioChannel.write(NioChannel.java:135)
		at org.apache.tomcat.util.net.NioBlockingSelector.write(NioBlockingSelector.java:101)
		at org.apache.tomcat.util.net.NioSelectorPool.write(NioSelectorPool.java:152)
		at org.apache.tomcat.util.net.NioEndpoint$NioSocketWrapper.doWrite(NioEndpoint.java:1344)
		at org.apache.tomcat.util.net.SocketWrapperBase.doWrite(SocketWrapperBase.java:764)
		at org.apache.tomcat.util.net.SocketWrapperBase.writeBlocking(SocketWrapperBase.java:584)
		at org.apache.tomcat.util.net.SocketWrapperBase.write(SocketWrapperBase.java:528)
		at org.apache.coyote.http11.Http11OutputBuffer$SocketOutputBuffer.doWrite(Http11OutputBuffer.java:546)
		at org.apache.coyote.http11.filters.IdentityOutputFilter.doWrite(IdentityOutputFilter.java:73)
		at org.apache.coyote.http11.Http11OutputBuffer.doWrite(Http11OutputBuffer.java:193)
		at org.apache.coyote.Response.doWrite(Response.java:601)
		at org.apache.catalina.connector.OutputBuffer.realWriteBytes(OutputBuffer.java:339)
		... 93 more
